#
# There is insufficient memory for the Java Runtime Environment to continue.
# Native memory allocation (mmap) failed to map 2097152 bytes. Error detail: G1 virtual space
# Possible reasons:
#   The system is out of physical RAM or swap space
#   This process is running with CompressedOops enabled, and the Java Heap may be blocking the growth of the native heap
# Possible solutions:
#   Reduce memory load on the system
#   Increase physical memory or swap space
#   Check if swap backing store is full
#   Decrease Java heap size (-Xmx/-Xms)
#   Decrease number of Java threads
#   Decrease Java thread stack sizes (-Xss)
#   Set larger code cache with -XX:ReservedCodeCacheSize=
#   JVM is running with Zero Based Compressed Oops mode in which the Java heap is
#     placed in the first 32GB address space. The Java Heap base address is the
#     maximum limit for the native heap growth. Please use -XX:HeapBaseMinAddress
#     to set the Java Heap base and to place the Java Heap above 32GB virtual address.
# This output file may be truncated or incomplete.
#
#  Out of Memory Error (os_windows.cpp:3631), pid=34664, tid=34912
#
# JRE version: OpenJDK Runtime Environment (22.0+36) (build 22+36-2370)
# Java VM: OpenJDK 64-Bit Server VM (22+36-2370, mixed mode, sharing, tiered, compressed oops, compressed class ptrs, g1 gc, windows-amd64)
# No core dump will be written. Minidumps are not enabled by default on client versions of Windows
#

---------------  S U M M A R Y ------------

Command Line: --enable-preview -javaagent:C:\Users\SõregiKrisztián\AppData\Local\JetBrains\IntelliJ IDEA Community Edition 2023.3.6\lib\idea_rt.jar=62831:C:\Users\SõregiKrisztián\AppData\Local\JetBrains\IntelliJ IDEA Community Edition 2023.3.6\bin -Dfile.encoding=UTF-8 -Dsun.stdout.encoding=UTF-8 -Dsun.stderr.encoding=UTF-8 runner.TestRunner4

Host: 12th Gen Intel(R) Core(TM) i7-12700, 20 cores, 15G,  Windows 10 , 64 bit Build 19041 (10.0.19041.5438)
Time: Mon May 12 10:04:26 2025 Közép-európai nyári iduild 19041 (10.0.19041.5438) elapsed time: 118.726457 seconds (0d 0h 1m 58s)

---------------  T H R E A D  ---------------

Current thread (0x000001b3a677b8e0):  WorkerThread "GC Thread#3"    [id=34912, stack(0x000000aac9200000,0x000000aac9300000) (1024K)]

Stack: [0x000000aac9200000,0x000000aac9300000]
Native frames: (J=compiled Java code, j=interpreted, Vv=VM code, C=native code)
V  [jvm.dll+0x6e2349]  (no source info available)
V  [jvm.dll+0x874ed3]  (no source info available)
V  [jvm.dll+0x8772fe]  (no source info available)
V  [jvm.dll+0x8779d3]  (no source info available)
V  [jvm.dll+0x27fcb6]  (no source info available)
V  [jvm.dll+0x6de9e5]  (no source info available)
V  [jvm.dll+0x6d34ea]  (no source info available)
V  [jvm.dll+0x35892a]  (no source info available)
V  [jvm.dll+0x360e56]  (no source info available)
V  [jvm.dll+0x3b3a7b]  (no source info available)
V  [jvm.dll+0x3b4114]  (no source info available)
V  [jvm.dll+0x3b41dd]  (no source info available)
V  [jvm.dll+0x32db4c]  (no source info available)
V  [jvm.dll+0x32d87d]  (no source info available)
V  [jvm.dll+0x31c7c5]  (no source info available)
V  [jvm.dll+0x31cb96]  (no source info available)
V  [jvm.dll+0x31d82a]  (no source info available)
V  [jvm.dll+0x31dc85]  (no source info available)
V  [jvm.dll+0x31d697]  (no source info available)
V  [jvm.dll+0x35a731]  (no source info available)
V  [jvm.dll+0x35adb1]  (no source info available)
V  [jvm.dll+0x35c01f]  (no source info available)
V  [jvm.dll+0x35833e]  (no source info available)
V  [jvm.dll+0x36593b]  (no source info available)
V  [jvm.dll+0x3676a9]  (no source info available)
V  [jvm.dll+0x365eaa]  (no source info available)
V  [jvm.dll+0x3672df]  (no source info available)
V  [jvm.dll+0x3726b3]  (no source info available)
V  [jvm.dll+0x37299b]  (no source info available)
V  [jvm.dll+0x8a4337]  (no source info available)
V  [jvm.dll+0x81d50b]  (no source info available)
V  [jvm.dll+0x6e09e5]  (no source info available)
C  [ucrtbase.dll+0x21bb2]  (no source info available)
C  [KERNEL32.DLL+0x17374]  (no source info available)
C  [ntdll.dll+0x4cc91]  (no source info available)


---------------  P R O C E S S  ---------------

Threads class SMR info:
_java_thread_list=0x000001b3b20cfb00, length=49, elements={
0x000001b360252f80, 0x000001b360257eb0, 0x000001b360258dd0, 0x000001b36025cc70,
0x000001b36025d950, 0x000001b36025e3b0, 0x000001b360261150, 0x000001b360276980,
0x000001b3603395b0, 0x000001b3a6510000, 0x000001b3a66facd0, 0x000001b3a67cd030,
0x000001b3a6664060, 0x000001b3a679c0b0, 0x000001b3a679c720, 0x000001b3a67c4810,
0x000001b3a6c6c7c0, 0x000001b3a6c6d4e0, 0x000001b3a6c6e200, 0x000001b3a6c6db70,
0x000001b3a6c6c130, 0x000001b3b2447750, 0x000001b3b2441b70, 0x000001b3b2444960,
0x000001b3b2445680, 0x000001b3b2442200, 0x000001b3b24463a0, 0x000001b3b2442890,
0x000001b3b2446a30, 0x000001b3b1ab7e50, 0x000001b3b1ab9f20, 0x000001b3b1ab49d0,
0x000001b3b1ab4340, 0x000001b3b1ab5d80, 0x000001b3b1ab77c0, 0x000001b3b1f86970,
0x000001b3b1f855c0, 0x000001b3b1f87690, 0x000001b3b1f85c50, 0x000001b3b1f848a0,
0x000001b3b1f84f30, 0x000001b3b1f84210, 0x000001b3b1f862e0, 0x000001b3b1f87000,
0x000001b3b1ab56f0, 0x000001b3b1ab84e0, 0x000001b3b1aba5b0, 0x000001b3b1abac40,
0x000001b3b1ab3cb0
}

Java Threads: ( => current thread )
  0x000001b360252f80 JavaThread "Reference Handler"          daemon [_thread_blocked, id=59552, stack(0x000000aac7e00000,0x000000aac7f00000) (1024K)]
  0x000001b360257eb0 JavaThread "Finalizer"                  daemon [_thread_blocked, id=53112, stack(0x000000aac7f00000,0x000000aac8000000) (1024K)]
  0x000001b360258dd0 JavaThread "Signal Dispatcher"          daemon [_thread_blocked, id=43448, stack(0x000000aac8000000,0x000000aac8100000) (1024K)]
  0x000001b36025cc70 JavaThread "Attach Listener"            daemon [_thread_blocked, id=12260, stack(0x000000aac8100000,0x000000aac8200000) (1024K)]
  0x000001b36025d950 JavaThread "Service Thread"             daemon [_thread_blocked, id=58080, stack(0x000000aac8200000,0x000000aac8300000) (1024K)]
  0x000001b36025e3b0 JavaThread "Monitor Deflation Thread"   daemon [_thread_blocked, id=58116, stack(0x000000aac8300000,0x000000aac8400000) (1024K)]
  0x000001b360261150 JavaThread "C2 CompilerThread0"         daemon [_thread_blocked, id=28592, stack(0x000000aac8400000,0x000000aac8500000) (1024K)]
  0x000001b360276980 JavaThread "C1 CompilerThread0"         daemon [_thread_blocked, id=51804, stack(0x000000aac8500000,0x000000aac8600000) (1024K)]
  0x000001b3603395b0 JavaThread "Common-Cleaner"             daemon [_thread_blocked, id=51392, stack(0x000000aac8700000,0x000000aac8800000) (1024K)]
  0x000001b3a6510000 JavaThread "Monitor Ctrl-Break"         daemon [_thread_in_native, id=52636, stack(0x000000aac8a00000,0x000000aac8b00000) (1024K)]
  0x000001b3a66facd0 JavaThread "Notification Thread"        daemon [_thread_blocked, id=30028, stack(0x000000aac8b00000,0x000000aac8c00000) (1024K)]
  0x000001b3a67cd030 JavaThread "Reference Reaper #1"        daemon [_thread_blocked, id=51836, stack(0x000000aac8c00000,0x000000aac8d00000) (1024K)]
  0x000001b3a6664060 JavaThread "Java2D Disposer"            daemon [_thread_blocked, id=57556, stack(0x000000aac8d00000,0x000000aac8e00000) (1024K)]
  0x000001b3a679c0b0 JavaThread "AWT-Shutdown"                      [_thread_blocked, id=24748, stack(0x000000aac8e00000,0x000000aac8f00000) (1024K)]
  0x000001b3a679c720 JavaThread "AWT-Windows"                daemon [_thread_in_native, id=58568, stack(0x000000aac8f00000,0x000000aac9000000) (1024K)]
  0x000001b3a67c4810 JavaThread "AWT-EventQueue-0"                  [_thread_blocked, id=42268, stack(0x000000aac9500000,0x000000aac9600000) (1024K)]
  0x000001b3a6c6c7c0 JavaThread "SwingWorker-pool-1-thread-1" daemon [_thread_blocked, id=41788, stack(0x000000aaca000000,0x000000aaca100000) (1024K)]
  0x000001b3a6c6d4e0 JavaThread "TimerQueue"                 daemon [_thread_blocked, id=23124, stack(0x000000aaca100000,0x000000aaca200000) (1024K)]
  0x000001b3a6c6e200 JavaThread "DestroyJavaVM"                     [_thread_blocked, id=26220, stack(0x000000aac7600000,0x000000aac7700000) (1024K)]
  0x000001b3a6c6db70 JavaThread "HttpClient-1-SelectorManager" daemon [_thread_in_native, id=28528, stack(0x000000aaca200000,0x000000aaca300000) (1024K)]
  0x000001b3a6c6c130 JavaThread "External Process Output Forwarder - chromedriver.exe" daemon [_thread_in_native, id=6972, stack(0x000000aaca300000,0x000000aaca400000) (1024K)]
  0x000001b3b2447750 JavaThread "Driver Service Executor"    daemon [_thread_blocked, id=8340, stack(0x000000aaca400000,0x000000aaca500000) (1024K)]
  0x000001b3b2441b70 JavaThread "Driver Service Executor"    daemon [_thread_blocked, id=57448, stack(0x000000aaca500000,0x000000aaca600000) (1024K)]
  0x000001b3b2444960 JavaThread "HttpClient-2-SelectorManager" daemon [_thread_in_native, id=25080, stack(0x000000aacb100000,0x000000aacb200000) (1024K)]
  0x000001b3b2445680 JavaThread "HttpClient-3-SelectorManager" daemon [_thread_blocked, id=47280, stack(0x000000aacb500000,0x000000aacb600000) (1024K)]
  0x000001b3b2442200 JavaThread "External Process Output Forwarder - chromedriver.exe" daemon [_thread_in_native, id=27968, stack(0x000000aacb700000,0x000000aacb800000) (1024K)]
  0x000001b3b24463a0 JavaThread "Driver Service Executor"    daemon [_thread_blocked, id=54180, stack(0x000000aacb800000,0x000000aacb900000) (1024K)]
  0x000001b3b2442890 JavaThread "Driver Service Executor"    daemon [_thread_blocked, id=7612, stack(0x000000aacb900000,0x000000aacba00000) (1024K)]
  0x000001b3b2446a30 JavaThread "HttpClient-4-SelectorManager" daemon [_thread_in_native, id=45100, stack(0x000000aacb600000,0x000000aacb700000) (1024K)]
  0x000001b3b1ab7e50 JavaThread "HttpClient-5-SelectorManager" daemon [_thread_in_native, id=57088, stack(0x000000aac8900000,0x000000aac8a00000) (1024K)]
  0x000001b3b1ab9f20 JavaThread "External Process Output Forwarder - chromedriver.exe" daemon [_thread_in_native, id=58904, stack(0x000000aac9f00000,0x000000aaca000000) (1024K)]
  0x000001b3b1ab49d0 JavaThread "Driver Service Executor"    daemon [_thread_blocked, id=21148, stack(0x000000aacc000000,0x000000aacc100000) (1024K)]
  0x000001b3b1ab4340 JavaThread "Driver Service Executor"    daemon [_thread_blocked, id=45552, stack(0x000000aacc100000,0x000000aacc200000) (1024K)]
  0x000001b3b1ab5d80 JavaThread "HttpClient-6-SelectorManager" daemon [_thread_in_native, id=24992, stack(0x000000aacc700000,0x000000aacc800000) (1024K)]
  0x000001b3b1ab77c0 JavaThread "HttpClient-7-SelectorManager" daemon [_thread_in_native, id=22348, stack(0x000000aacc300000,0x000000aacc400000) (1024K)]
  0x000001b3b1f86970 JavaThread "HttpClient-8-SelectorManager" daemon [_thread_in_native, id=33996, stack(0x000000aac9600000,0x000000aac9700000) (1024K)]
  0x000001b3b1f855c0 JavaThread "pool-9-thread-3"                   [_thread_blocked, id=1528, stack(0x000000aac7300000,0x000000aac7400000) (1024K)]
  0x000001b3b1f87690 JavaThread "pool-9-thread-4"                   [_thread_blocked, id=30552, stack(0x000000aac7400000,0x000000aac7500000) (1024K)]
  0x000001b3b1f85c50 JavaThread "ForkJoinPool.commonPool-worker-6" daemon [_thread_blocked, id=36132, stack(0x000000aac7500000,0x000000aac7600000) (1024K)]
  0x000001b3b1f848a0 JavaThread "UrlChecker-3"               daemon [_thread_blocked, id=20568, stack(0x000000aac8600000,0x000000aac8700000) (1024K)]
  0x000001b3b1f84f30 JavaThread "Keep-Alive-Timer"           daemon [_thread_blocked, id=60264, stack(0x000000aac9b00000,0x000000aac9c00000) (1024K)]
  0x000001b3b1f84210 JavaThread "HttpClient-9-SelectorManager" daemon [_thread_in_native, id=42768, stack(0x000000aacad00000,0x000000aacae00000) (1024K)]
  0x000001b3b1f862e0 JavaThread "External Process Output Forwarder - chromedriver.exe" daemon [_thread_in_native, id=49076, stack(0x000000aacaf00000,0x000000aacb000000) (1024K)]
  0x000001b3b1f87000 JavaThread "Driver Service Executor"    daemon [_thread_blocked, id=29244, stack(0x000000aacb000000,0x000000aacb100000) (1024K)]
  0x000001b3b1ab56f0 JavaThread "Driver Service Executor"    daemon [_thread_in_native, id=27696, stack(0x000000aacb200000,0x000000aacb300000) (1024K)]
  0x000001b3b1ab84e0 JavaThread "pool-10-thread-1"                  [_thread_blocked, id=3392, stack(0x000000aacb300000,0x000000aacb400000) (1024K)]
  0x000001b3b1aba5b0 JavaThread "pool-10-thread-2"                  [_thread_blocked, id=43512, stack(0x000000aacb400000,0x000000aacb500000) (1024K)]
  0x000001b3b1abac40 JavaThread "HttpClient-10-SelectorManager" daemon [_thread_in_native, id=60080, stack(0x000000aacba00000,0x000000aacbb00000) (1024K)]
  0x000001b3b1ab3cb0 JavaThread "pool-11-thread-1"                  [_thread_blocked, id=14868, stack(0x000000aacbb00000,0x000000aacbc00000) (1024K)]
Total: 49

Other Threads:
  0x000001b35f5785d0 VMThread "VM Thread"                           [id=29396, stack(0x000000aac7d00000,0x000000aac7e00000) (1024K)]
  0x000001b35f55ec10 WatcherThread "VM Periodic Task Thread"        [id=15752, stack(0x000000aac7c00000,0x000000aac7d00000) (1024K)]
  0x000001b3401aab30 WorkerThread "GC Thread#0"                     [id=49640, stack(0x000000aac7700000,0x000000aac7800000) (1024K)]
  0x000001b3a677b180 WorkerThread "GC Thread#1"                     [id=58560, stack(0x000000aac9000000,0x000000aac9100000) (1024K)]
  0x000001b3a677b530 WorkerThread "GC Thread#2"                     [id=17592, stack(0x000000aac9100000,0x000000aac9200000) (1024K)]
=>0x000001b3a677b8e0 WorkerThread "GC Thread#3"                     [id=34912, stack(0x000000aac9200000,0x000000aac9300000) (1024K)]
  0x000001b3a677bc90 WorkerThread "GC Thread#4"                     [id=22376, stack(0x000000aac9300000,0x000000aac9400000) (1024K)]
  0x000001b3a677c040 WorkerThread "GC Thread#5"                     [id=25932, stack(0x000000aac9400000,0x000000aac9500000) (1024K)]
  0x000001b3a6b6f090 WorkerThread "GC Thread#6"                     [id=46192, stack(0x000000aac8800000,0x000000aac8900000) (1024K)]
  0x000001b3a6b6f440 WorkerThread "GC Thread#7"                     [id=23212, stack(0x000000aac9700000,0x000000aac9800000) (1024K)]
  0x000001b3a6b70000 WorkerThread "GC Thread#8"                     [id=10696, stack(0x000000aac9800000,0x000000aac9900000) (1024K)]
  0x000001b3a6b703b0 WorkerThread "GC Thread#9"                     [id=15296, stack(0x000000aac9900000,0x000000aac9a00000) (1024K)]
  0x000001b3a6b70760 WorkerThread "GC Thread#10"                    [id=19572, stack(0x000000aac9a00000,0x000000aac9b00000) (1024K)]
  0x000001b3b20027c0 WorkerThread "GC Thread#11"                    [id=40588, stack(0x000000aaca600000,0x000000aaca700000) (1024K)]
  0x000001b3b2002410 WorkerThread "GC Thread#12"                    [id=31424, stack(0x000000aaca700000,0x000000aaca800000) (1024K)]
  0x000001b3b2001900 WorkerThread "GC Thread#13"                    [id=30768, stack(0x000000aaca800000,0x000000aaca900000) (1024K)]
  0x000001b3b2004190 WorkerThread "GC Thread#14"                    [id=7384, stack(0x000000aaca900000,0x000000aacaa00000) (1024K)]
  0x000001b3401bb920 ConcurrentGCThread "G1 Main Marker"            [id=42116, stack(0x000000aac7800000,0x000000aac7900000) (1024K)]
  0x000001b3401bcbd0 WorkerThread "G1 Conc#0"                       [id=42632, stack(0x000000aac7900000,0x000000aac7a00000) (1024K)]
  0x000001b3b2005050 WorkerThread "G1 Conc#1"                       [id=38436, stack(0x000000aacaa00000,0x000000aacab00000) (1024K)]
  0x000001b3b2004540 WorkerThread "G1 Conc#2"                       [id=26004, stack(0x000000aacab00000,0x000000aacac00000) (1024K)]
  0x000001b3b20048f0 WorkerThread "G1 Conc#3"                       [id=37336, stack(0x000000aacac00000,0x000000aacad00000) (1024K)]
  0x000001b35f42dd80 ConcurrentGCThread "G1 Refine#0"               [id=40876, stack(0x000000aac7a00000,0x000000aac7b00000) (1024K)]
  0x000001b35f42f720 ConcurrentGCThread "G1 Service"                [id=47744, stack(0x000000aac7b00000,0x000000aac7c00000) (1024K)]
Total: 24

Threads with active compile tasks:
C2 CompilerThread0  118786 5565       4       java.io.WinNTFileSystem::normalize (148 bytes)
Total: 1

VM state: at safepoint (normal execution)

VM Mutex/Monitor currently owned by a thread:  ([mutex/lock_event])
[0x00007ffa20a4a648] FreeList_lock - owner thread: 0x000001b3a677b8e0
[0x00007ffa20a4cbc8] Threads_lock - owner thread: 0x000001b35f5785d0
[0x00007ffa20a4ccc8] Heap_lock - owner thread: 0x000001b3b1ab3cb0

Heap address: 0x0000000703a00000, size: 4038 MB, Compressed Oops mode: Zero based, Oop shift amount: 3

CDS archive(s) mapped at: [0x000001b361000000-0x000001b361c50000-0x000001b361c50000), size 12910592, SharedBaseAddress: 0x000001b361000000, ArchiveRelocationMode: 1.
Compressed class space mapped at: 0x000001b362000000-0x000001b3a2000000, reserved size: 1073741824
Narrow klass base: 0x000001b361000000, Narrow klass shift: 0, Narrow klass range: 0x41000000

GC Precious Log:
 CardTable entry size: 512
 Card Set container configuration: InlinePtr #cards 4 size 8 Array Of Cards #cards 16 size 48 Howl #buckets 8 coarsen threshold 3686 Howl Bitmap #cards 512 size 80 coarsen threshold 460 Card regions per heap region 1 cards per card region 4096
 CPUs: 20 total, 20 available
 Memory: 16151M
 Large Page Support: Disabled
 NUMA Support: Disabled
 Compressed Oops: Enabled (Zero based)
 Heap Region Size: 2M
 Heap Min Capacity: 8M
 Heap Initial Capacity: 254M
 Heap Max Capacity: 4038M
 Pre-touch: Disabled
 Parallel Workers: 15
 Concurrent Workers: 4
 Concurrent Refinement Workers: 15
 Periodic GC: Disabled

Heap:
 garbage-first heap   total reserved 4134912K, committed 73728K, used 68562K [0x0000000703a00000, 0x0000000800000000)
  region size 2048K, 26 young (53248K), 2 survivors (4096K)
 Metaspace       used 27188K, committed 27840K, reserved 1114112K
  class space    used 3236K, committed 3520K, reserved 1048576K

Heap Regions: E=young(eden), S=young(survivor), O=old, HS=humongous(starts), HC=humongous(continues), CS=collection set, F=free, TAMS=top-at-mark-start, PB=parsable bottom
|   0|0x0000000703a00000, 0x0000000703c00000, 0x0000000703c00000|100%|HS|  |TAMS 0x0000000703a00000| PB 0x0000000703a00000| Complete |  0
|   1|0x0000000703c00000, 0x0000000703e00000, 0x0000000703e00000|100%| O|  |TAMS 0x0000000703c00000| PB 0x0000000703c00000| Untracked |  0
|   2|0x0000000703e00000, 0x0000000704000000, 0x0000000704000000|100%| O|  |TAMS 0x0000000703e00000| PB 0x0000000703e00000| Untracked |  0
|   3|0x0000000704000000, 0x0000000704200000, 0x0000000704200000|100%| O|  |TAMS 0x0000000704000000| PB 0x0000000704000000| Untracked |  0
|   4|0x0000000704200000, 0x0000000704400000, 0x0000000704400000|100%| O|  |TAMS 0x0000000704200000| PB 0x0000000704200000| Untracked |  0
|   5|0x0000000704400000, 0x00000007045fe640, 0x0000000704600000| 99%| O|Cm|TAMS 0x0000000704400000| PB 0x0000000704400000| Complete |  0
|   6|0x0000000704600000, 0x0000000704800000, 0x0000000704800000|100%| E|CS|TAMS 0x0000000704600000| PB 0x0000000704600000| Complete |  0
|   7|0x0000000704800000, 0x0000000704a00000, 0x0000000704a00000|100%| E|CS|TAMS 0x0000000704800000| PB 0x0000000704800000| Complete |  0
|   8|0x0000000704a00000, 0x0000000704c00000, 0x0000000704c00000|100%| E|CS|TAMS 0x0000000704a00000| PB 0x0000000704a00000| Complete |  0
|   9|0x0000000704c00000, 0x0000000704e00000, 0x0000000704e00000|100%| E|CS|TAMS 0x0000000704c00000| PB 0x0000000704c00000| Complete |  0
|  10|0x0000000704e00000, 0x0000000705000000, 0x0000000705000000|100%| E|CS|TAMS 0x0000000704e00000| PB 0x0000000704e00000| Complete |  0
|  11|0x0000000705000000, 0x0000000705200000, 0x0000000705200000|100%| E|CS|TAMS 0x0000000705000000| PB 0x0000000705000000| Complete |  0
|  12|0x0000000705200000, 0x0000000705400000, 0x0000000705400000|100%| E|CS|TAMS 0x0000000705200000| PB 0x0000000705200000| Complete |  0
|  13|0x0000000705400000, 0x0000000705600000, 0x0000000705600000|100%| E|CS|TAMS 0x0000000705400000| PB 0x0000000705400000| Complete |  0
|  14|0x0000000705600000, 0x0000000705800000, 0x0000000705800000|100%| E|CS|TAMS 0x0000000705600000| PB 0x0000000705600000| Complete |  0
|  15|0x0000000705800000, 0x0000000705a00000, 0x0000000705a00000|100%| E|CS|TAMS 0x0000000705800000| PB 0x0000000705800000| Complete |  0
|  16|0x0000000705a00000, 0x0000000705c00000, 0x0000000705c00000|100%| E|CS|TAMS 0x0000000705a00000| PB 0x0000000705a00000| Complete |  0
|  17|0x0000000705c00000, 0x0000000705e00000, 0x0000000705e00000|100%| E|CS|TAMS 0x0000000705c00000| PB 0x0000000705c00000| Complete |  0
|  18|0x0000000705e00000, 0x0000000706000000, 0x0000000706000000|100%| E|CS|TAMS 0x0000000705e00000| PB 0x0000000705e00000| Complete |  0
|  19|0x0000000706000000, 0x0000000706200000, 0x0000000706200000|100%| E|CS|TAMS 0x0000000706000000| PB 0x0000000706000000| Complete |  0
|  20|0x0000000706200000, 0x0000000706400000, 0x0000000706400000|100%| E|CS|TAMS 0x0000000706200000| PB 0x0000000706200000| Complete |  0
|  21|0x0000000706400000, 0x0000000706600000, 0x0000000706600000|100%| E|CS|TAMS 0x0000000706400000| PB 0x0000000706400000| Complete |  0
|  22|0x0000000706600000, 0x0000000706800000, 0x0000000706800000|100%| E|CS|TAMS 0x0000000706600000| PB 0x0000000706600000| Complete |  0
|  23|0x0000000706800000, 0x0000000706a00000, 0x0000000706a00000|100%| E|CS|TAMS 0x0000000706800000| PB 0x0000000706800000| Complete |  0
|  24|0x0000000706a00000, 0x0000000706c00000, 0x0000000706c00000|100%| E|CS|TAMS 0x0000000706a00000| PB 0x0000000706a00000| Complete |  0
|  25|0x0000000706c00000, 0x0000000706e00000, 0x0000000706e00000|100%| E|CS|TAMS 0x0000000706c00000| PB 0x0000000706c00000| Complete |  0
|  26|0x0000000706e00000, 0x0000000707000000, 0x0000000707000000|100%| E|CS|TAMS 0x0000000706e00000| PB 0x0000000706e00000| Complete |  0
|  27|0x0000000707000000, 0x0000000707200000, 0x0000000707200000|100%| E|CS|TAMS 0x0000000707000000| PB 0x0000000707000000| Complete |  0
|  28|0x0000000707200000, 0x0000000707400000, 0x0000000707400000|100%| E|CS|TAMS 0x0000000707200000| PB 0x0000000707200000| Complete |  0
|  29|0x0000000707400000, 0x0000000707600000, 0x0000000707600000|100%| S|  |TAMS 0x0000000707400000| PB 0x0000000707400000| Complete |  0
|  30|0x0000000707600000, 0x0000000707800000, 0x0000000707800000|100%| S|  |TAMS 0x0000000707600000| PB 0x0000000707600000| Complete |  0
| 122|0x0000000712e00000, 0x0000000712ef6540, 0x0000000713000000| 48%| E|CS|TAMS 0x0000000712e00000| PB 0x0000000712e00000| Complete |  0
| 123|0x0000000713000000, 0x0000000713200000, 0x0000000713200000|100%| E|CS|TAMS 0x0000000713000000| PB 0x0000000713000000| Complete |  0
| 124|0x0000000713200000, 0x0000000713400000, 0x0000000713400000|100%| E|CS|TAMS 0x0000000713200000| PB 0x0000000713200000| Complete |  0
| 125|0x0000000713400000, 0x0000000713600000, 0x0000000713600000|100%| E|CS|TAMS 0x0000000713400000| PB 0x0000000713400000| Complete |  0
| 126|0x0000000713600000, 0x0000000713800000, 0x0000000713800000|100%| E|CS|TAMS 0x0000000713600000| PB 0x0000000713600000| Complete |  0

Card table byte_map: [0x000001b358700000,0x000001b358ef0000] _byte_map_base: 0x000001b354ee3000

Marking Bits: (CMBitMap*) 0x000001b3401ab240
 Bits: [0x000001b358ef0000, 0x000001b35ce08000)

Polling page: 0x000001b33dda0000

Metaspace:

Usage:
  Non-class:     23.39 MB used.
      Class:      3.16 MB used.
       Both:     26.55 MB used.

Virtual space:
  Non-class space:       64.00 MB reserved,      23.75 MB ( 37%) committed,  1 nodes.
      Class space:        1.00 GB reserved,       3.44 MB ( <1%) committed,  1 nodes.
             Both:        1.06 GB reserved,      27.19 MB (  2%) committed. 

Chunk freelists:
   Non-Class:  7.91 MB
       Class:  12.55 MB
        Both:  20.45 MB

MaxMetaspaceSize: unlimited
CompressedClassSpaceSize: 1.00 GB
Initial GC threshold: 21.00 MB
Current GC threshold: 35.31 MB
CDS: on
 - commit_granule_bytes: 65536.
 - commit_granule_words: 8192.
 - virtual_space_node_default_size: 8388608.
 - enlarge_chunks_in_place: 1.
 - use_allocation_guard: 0.


Internal statistics:

num_allocs_failed_limit: 3.
num_arena_births: 862.
num_arena_deaths: 0.
num_vsnodes_births: 2.
num_vsnodes_deaths: 0.
num_space_committed: 435.
num_space_uncommitted: 0.
num_chunks_returned_to_freelist: 3.
num_chunks_taken_from_freelist: 1451.
num_chunk_merges: 3.
num_chunk_splits: 841.
num_chunks_enlarged: 369.
num_inconsistent_stats: 0.

CodeHeap 'non-profiled nmethods': size=119168Kb used=2454Kb max_used=2454Kb free=116713Kb
 bounds [0x000001b350000000, 0x000001b350270000, 0x000001b357460000]
CodeHeap 'profiled nmethods': size=119104Kb used=11761Kb max_used=11761Kb free=107342Kb
 bounds [0x000001b348460000, 0x000001b348fe0000, 0x000001b34f8b0000]
CodeHeap 'non-nmethods': size=7488Kb used=1829Kb max_used=3437Kb free=5658Kb
 bounds [0x000001b34f8b0000, 0x000001b34fc20000, 0x000001b350000000]
 total_blobs=6400 nmethods=5568 adapters=734
 compilation: enabled
              stopped_count=0, restarted_count=0
 full_count=0

Compilation events (20 events):
Event: 118.265 Thread 0x000001b360261150 nmethod 5553 0x000001b350264e10 code [0x000001b350264fa0, 0x000001b350265318]
Event: 118.714 Thread 0x000001b360276980 5561       3       sun.nio.ch.WEPoll::getSocket (35 bytes)
Event: 118.714 Thread 0x000001b360276980 nmethod 5561 0x000001b348fd9f90 code [0x000001b348fda120, 0x000001b348fda298]
Event: 118.715 Thread 0x000001b360276980 5562       3       org.openqa.selenium.json.NumberCoercer::<init> (31 bytes)
Event: 118.715 Thread 0x000001b360276980 nmethod 5562 0x000001b348fda390 code [0x000001b348fda560, 0x000001b348fdaa30]
Event: 118.716 Thread 0x000001b360276980 5563       3       org.openqa.selenium.remote.codec.AbstractHttpCommandCodec::defineCommand (20 bytes)
Event: 118.716 Thread 0x000001b360276980 nmethod 5563 0x000001b348fdab90 code [0x000001b348fdad60, 0x000001b348fdb048]
Event: 118.716 Thread 0x000001b360276980 5564       3       java.util.zip.ZipFile$1::getManifestName (6 bytes)
Event: 118.716 Thread 0x000001b360276980 nmethod 5564 0x000001b348fdb190 code [0x000001b348fdb340, 0x000001b348fdb488]
Event: 118.717 Thread 0x000001b360261150 5565       4       java.io.WinNTFileSystem::normalize (148 bytes)
Event: 118.717 Thread 0x000001b360276980 5566       3       sun.nio.fs.WindowsPath::getFileSystem (5 bytes)
Event: 118.717 Thread 0x000001b360276980 nmethod 5566 0x000001b348fdb590 code [0x000001b348fdb720, 0x000001b348fdb8c8]
Event: 118.718 Thread 0x000001b360276980 5568       1       org.openqa.selenium.remote.CommandInfo::getMethod (5 bytes)
Event: 118.718 Thread 0x000001b360276980 nmethod 5568 0x000001b350265510 code [0x000001b3502656a0, 0x000001b350265770]
Event: 118.718 Thread 0x000001b360276980 5569       1       org.openqa.selenium.remote.CommandInfo::getUrl (5 bytes)
Event: 118.718 Thread 0x000001b360276980 nmethod 5569 0x000001b350265810 code [0x000001b3502659a0, 0x000001b350265a70]
Event: 118.719 Thread 0x000001b360276980 5570       3       java.util.Spliterators$ArraySpliterator::tryAdvance (58 bytes)
Event: 118.719 Thread 0x000001b360276980 nmethod 5570 0x000001b348fdb990 code [0x000001b348fdbb60, 0x000001b348fdbf10]
Event: 118.719 Thread 0x000001b360276980 5571       3       java.util.ServiceLoader$3::checkReloadCount (23 bytes)
Event: 118.720 Thread 0x000001b360276980 nmethod 5571 0x000001b348fdc090 code [0x000001b348fdc240, 0x000001b348fdc408]

GC Heap History (9 events):
Event: 0.768 GC heap before
{Heap before GC invocations=0 (full 0):
 garbage-first heap   total reserved 4134912K, committed 260096K, used 24576K [0x0000000703a00000, 0x0000000800000000)
  region size 2048K, 12 young (24576K), 0 survivors (0K)
 Metaspace       used 5798K, committed 6080K, reserved 1114112K
  class space    used 564K, committed 704K, reserved 1048576K
}
Event: 0.770 GC heap after
{Heap after GC invocations=1 (full 0):
 garbage-first heap   total reserved 4134912K, committed 260096K, used 12328K [0x0000000703a00000, 0x0000000800000000)
  region size 2048K, 2 young (4096K), 2 survivors (4096K)
 Metaspace       used 5798K, committed 6080K, reserved 1114112K
  class space    used 564K, committed 704K, reserved 1048576K
}
Event: 3.822 GC heap before
{Heap before GC invocations=1 (full 0):
 garbage-first heap   total reserved 4134912K, committed 260096K, used 32808K [0x0000000703a00000, 0x0000000800000000)
  region size 2048K, 12 young (24576K), 2 survivors (4096K)
 Metaspace       used 12325K, committed 12800K, reserved 1114112K
  class space    used 1420K, committed 1664K, reserved 1048576K
}
Event: 3.824 GC heap after
{Heap after GC invocations=2 (full 0):
 garbage-first heap   total reserved 4134912K, committed 260096K, used 16377K [0x0000000703a00000, 0x0000000800000000)
  region size 2048K, 2 young (4096K), 2 survivors (4096K)
 Metaspace       used 12325K, committed 12800K, reserved 1114112K
  class space    used 1420K, committed 1664K, reserved 1048576K
}
Event: 23.396 GC heap before
{Heap before GC invocations=2 (full 0):
 garbage-first heap   total reserved 4134912K, committed 260096K, used 67577K [0x0000000703a00000, 0x0000000800000000)
  region size 2048K, 28 young (57344K), 2 survivors (4096K)
 Metaspace       used 20980K, committed 21504K, reserved 1114112K
  class space    used 2441K, committed 2688K, reserved 1048576K
}
Event: 23.399 GC heap after
{Heap after GC invocations=3 (full 0):
 garbage-first heap   total reserved 4134912K, committed 260096K, used 19092K [0x0000000703a00000, 0x0000000800000000)
  region size 2048K, 4 young (8192K), 4 survivors (8192K)
 Metaspace       used 20980K, committed 21504K, reserved 1114112K
  class space    used 2441K, committed 2688K, reserved 1048576K
}
Event: 23.400 GC heap before
{Heap before GC invocations=3 (full 0):
 garbage-first heap   total reserved 4134912K, committed 260096K, used 19092K [0x0000000703a00000, 0x0000000800000000)
  region size 2048K, 5 young (10240K), 4 survivors (8192K)
 Metaspace       used 20992K, committed 21504K, reserved 1114112K
  class space    used 2442K, committed 2688K, reserved 1048576K
}
Event: 23.402 GC heap after
{Heap after GC invocations=4 (full 0):
 garbage-first heap   total reserved 4134912K, committed 260096K, used 19410K [0x0000000703a00000, 0x0000000800000000)
  region size 2048K, 4 young (8192K), 4 survivors (8192K)
 Metaspace       used 20992K, committed 21504K, reserved 1114112K
  class space    used 2442K, committed 2688K, reserved 1048576K
}
Event: 118.722 GC heap before
{Heap before GC invocations=5 (full 0):
 garbage-first heap   total reserved 4134912K, committed 69632K, used 68562K [0x0000000703a00000, 0x0000000800000000)
  region size 2048K, 28 young (57344K), 4 survivors (8192K)
 Metaspace       used 27188K, committed 27840K, reserved 1114112K
  class space    used 3236K, committed 3520K, reserved 1048576K
}

Dll operation events (14 events):
Event: 0.009 Loaded shared library C:\Users\SõregiKrisztián\.jdks\openjdk-22\bin\java.dll
Event: 0.028 Loaded shared library C:\Users\SõregiKrisztián\.jdks\openjdk-22\bin\jsvml.dll
Event: 0.091 Loaded shared library C:\Users\SõregiKrisztián\.jdks\openjdk-22\bin\zip.dll
Event: 0.093 Loaded shared library C:\Users\SõregiKrisztián\.jdks\openjdk-22\bin\instrument.dll
Event: 0.096 Loaded shared library C:\Users\SõregiKrisztián\.jdks\openjdk-22\bin\net.dll
Event: 0.097 Loaded shared library C:\Users\SõregiKrisztián\.jdks\openjdk-22\bin\nio.dll
Event: 0.100 Loaded shared library C:\Users\SõregiKrisztián\.jdks\openjdk-22\bin\zip.dll
Event: 0.499 Loaded shared library C:\Users\SõregiKrisztián\.jdks\openjdk-22\bin\extnet.dll
Event: 0.526 Loaded shared library C:\Users\SõregiKrisztián\.jdks\openjdk-22\bin\jimage.dll
Event: 0.558 Loaded shared library C:\Users\SõregiKrisztián\.jdks\openjdk-22\bin\awt.dll
Event: 0.664 Loaded shared library C:\Users\SõregiKrisztián\.jdks\openjdk-22\bin\freetype.dll
Event: 0.668 Loaded shared library C:\Users\SõregiKrisztián\.jdks\openjdk-22\bin\fontmanager.dll
Event: 4.613 Loaded shared library C:\Users\SõregiKrisztián\.jdks\openjdk-22\bin\verify.dll
Event: 23.337 Loaded shared library C:\Users\SõregiKrisztián\.jdks\openjdk-22\bin\sunmscapi.dll

Deoptimization events (20 events):
Event: 38.717 Thread 0x000001b3a6c6c7c0 DEOPT PACKING pc=0x000001b348efd452 sp=0x000000aaca0fd590
Event: 38.717 Thread 0x000001b3a6c6c7c0 DEOPT UNPACKING pc=0x000001b34f904e42 sp=0x000000aaca0fca80 mode 0
Event: 39.310 Thread 0x000001b3a6c6c7c0 DEOPT PACKING pc=0x000001b348efe8b4 sp=0x000000aaca0fd750
Event: 39.310 Thread 0x000001b3a6c6c7c0 DEOPT UNPACKING pc=0x000001b34f904e42 sp=0x000000aaca0fcbe8 mode 0
Event: 39.413 Thread 0x000001b3a6c6c7c0 Uncommon trap: trap_request=0xffffff45 fr.pc=0x000001b3500dfa90 relative=0x0000000000000090
Event: 39.413 Thread 0x000001b3a6c6c7c0 Uncommon trap: reason=unstable_if action=reinterpret pc=0x000001b3500dfa90 method=java.lang.Integer.stringSize(I)I @ 19 c2
Event: 39.413 Thread 0x000001b3a6c6c7c0 DEOPT PACKING pc=0x000001b3500dfa90 sp=0x000000aaca0fd890
Event: 39.413 Thread 0x000001b3a6c6c7c0 DEOPT UNPACKING pc=0x000001b34f9046a2 sp=0x000000aaca0fd7f8 mode 2
Event: 39.922 Thread 0x000001b3a6c6c7c0 Uncommon trap: trap_request=0xffffffbe fr.pc=0x000001b3501f0cb8 relative=0x0000000000000298
Event: 39.922 Thread 0x000001b3a6c6c7c0 Uncommon trap: reason=profile_predicate action=maybe_recompile pc=0x000001b3501f0cb8 method=java.util.HashMap.keysToArray([Ljava/lang/Object;)[Ljava/lang/Object; @ 36 c2
Event: 39.922 Thread 0x000001b3a6c6c7c0 DEOPT PACKING pc=0x000001b3501f0cb8 sp=0x000000aaca0fe0d0
Event: 39.922 Thread 0x000001b3a6c6c7c0 DEOPT UNPACKING pc=0x000001b34f9046a2 sp=0x000000aaca0fe070 mode 2
Event: 46.810 Thread 0x000001b3a6c6c7c0 DEOPT PACKING pc=0x000001b348eba0d7 sp=0x000000aaca0fd680
Event: 46.810 Thread 0x000001b3a6c6c7c0 DEOPT UNPACKING pc=0x000001b34f904e42 sp=0x000000aaca0fcaf8 mode 0
Event: 46.835 Thread 0x000001b3a6c6c7c0 Uncommon trap: trap_request=0xffffff45 fr.pc=0x000001b35008a2e8 relative=0x00000000000001c8
Event: 46.835 Thread 0x000001b3a6c6c7c0 Uncommon trap: reason=unstable_if action=reinterpret pc=0x000001b35008a2e8 method=java.nio.Buffer.<init>(IIIILjava/lang/foreign/MemorySegment;)V @ 50 c2
Event: 46.835 Thread 0x000001b3a6c6c7c0 DEOPT PACKING pc=0x000001b35008a2e8 sp=0x000000aaca0fd9c0
Event: 46.835 Thread 0x000001b3a6c6c7c0 DEOPT UNPACKING pc=0x000001b34f9046a2 sp=0x000000aaca0fd950 mode 2
Event: 118.717 Thread 0x000001b3a6c6c7c0 DEOPT PACKING pc=0x000001b348d5ec6f sp=0x000000aaca0fd790
Event: 118.717 Thread 0x000001b3a6c6c7c0 DEOPT UNPACKING pc=0x000001b34f904e42 sp=0x000000aaca0fcc78 mode 0

Classes loaded (20 events):
Event: 46.811 Loading class sun/security/ssl/SSLEngineOutputRecord
Event: 46.811 Loading class sun/security/ssl/SSLEngineOutputRecord done
Event: 46.811 Loading class sun/security/ssl/SSLEngineOutputRecord$HandshakeFragment
Event: 46.811 Loading class sun/security/ssl/SSLEngineOutputRecord$HandshakeFragment done
Event: 46.811 Loading class sun/security/ssl/SSLEngineOutputRecord$HandshakeMemo
Event: 46.811 Loading class sun/security/ssl/SSLEngineOutputRecord$RecordMemo
Event: 46.811 Loading class sun/security/ssl/SSLEngineOutputRecord$RecordMemo done
Event: 46.811 Loading class sun/security/ssl/SSLEngineOutputRecord$HandshakeMemo done
Event: 46.835 Loading class sun/security/ssl/PreSharedKeyExtension$SHPreSharedKeySpec
Event: 46.835 Loading class sun/security/ssl/PreSharedKeyExtension$SHPreSharedKeySpec done
Event: 48.629 Loading class sun/security/ssl/Alert
Event: 48.630 Loading class sun/security/ssl/Alert done
Event: 48.630 Loading class sun/security/ssl/Alert$AlertConsumer
Event: 48.630 Loading class sun/security/ssl/Alert$AlertConsumer done
Event: 48.630 Loading class sun/security/ssl/Alert$Level
Event: 48.631 Loading class sun/security/ssl/Alert$Level done
Event: 57.446 Loading class java/net/InetAddress$CachedLocalHost
Event: 57.446 Loading class java/net/InetAddress$CachedLocalHost done
Event: 57.470 Loading class java/lang/invoke/WrongMethodTypeException
Event: 57.470 Loading class java/lang/invoke/WrongMethodTypeException done

Classes unloaded (0 events):
No events

Classes redefined (0 events):
No events

Internal exceptions (20 events):
Event: 23.541 Thread 0x000001b3a6c6c7c0 Exception <a 'java/lang/NoSuchMethodError'{0x0000000707286478}: 'long java.lang.invoke.DirectMethodHandle$Holder.invokeVirtual(java.lang.Object, java.lang.Object)'> (0x0000000707286478) 
thrown [s\open\src\hotspot\share\interpreter\linkResolver.cpp, line 774]
Event: 23.543 Thread 0x000001b3a6c6c7c0 Exception <a 'java/lang/NoSuchMethodError'{0x00000007072b9b40}: 'java.lang.Object java.lang.invoke.DirectMethodHandle$Holder.invokeVirtual(java.lang.Object, java.lang.Object, java.lang.Object)'> (0x00000007072b9b40) 
thrown [s\open\src\hotspot\share\interpreter\linkResolver.cpp, line 774]
Event: 23.551 Thread 0x000001b3a6c6c7c0 Exception <a 'java/lang/NoSuchMethodError'{0x000000070703ac20}: 'java.lang.Object java.lang.invoke.DirectMethodHandle$Holder.newInvokeSpecial(java.lang.Object, java.lang.Object, int, int)'> (0x000000070703ac20) 
thrown [s\open\src\hotspot\share\interpreter\linkResolver.cpp, line 774]
Event: 23.569 Thread 0x000001b3a6c6c7c0 Exception <a 'java/lang/NoSuchMethodError'{0x00000007071a05e0}: 'void java.lang.invoke.DirectMethodHandle$Holder.invokeStatic(java.lang.Object, java.lang.Object, java.lang.Object, java.lang.Object)'> (0x00000007071a05e0) 
thrown [s\open\src\hotspot\share\interpreter\linkResolver.cpp, line 774]
Event: 23.587 Thread 0x000001b3b2443c40 Exception <a 'java/lang/NoSuchMethodError'{0x0000000706e821f8}: 'void java.lang.invoke.DirectMethodHandle$Holder.invokeSpecial(java.lang.Object, java.lang.Object, java.lang.Object, java.lang.Object, java.lang.Object)'> (0x0000000706e821f8) 
thrown [s\open\src\hotspot\share\interpreter\linkResolver.cpp, line 774]
Event: 24.581 Thread 0x000001b3b2443c40 Exception <a 'java/lang/NoSuchMethodError'{0x0000000706fb9f20}: 'java.lang.Object java.lang.invoke.DirectMethodHandle$Holder.newInvokeSpecial(java.lang.Object, java.lang.Object, long, java.lang.Object, java.lang.Object, java.lang.Object)'> (0x0000000706fb9f20) 
thrown [s\open\src\hotspot\share\interpreter\linkResolver.cpp, line 774]
Event: 24.581 Thread 0x000001b3b2443c40 Exception <a 'java/lang/NoSuchMethodError'{0x0000000706fc16b0}: 'java.lang.Object java.lang.invoke.Invokers$Holder.linkToTargetMethod(java.lang.Object, long, java.lang.Object, java.lang.Object, java.lang.Object, java.lang.Object)'> (0x0000000706fc16b0) 
thrown [s\open\src\hotspot\share\interpreter\linkResolver.cpp, line 774]
Event: 24.582 Thread 0x000001b3b2443c40 Exception <a 'java/lang/NoSuchMethodError'{0x0000000706fd0a78}: 'void java.lang.invoke.DirectMethodHandle$Holder.invokeSpecial(java.lang.Object, java.lang.Object, java.lang.Object, java.lang.Object, java.lang.Object, java.lang.Object, java.lang.Object)'> (0x0000000706fd0a78) 
thrown [s\open\src\hotspot\share\interpreter\linkResolver.cpp, line 774]
Event: 24.583 Thread 0x000001b3b2443c40 Implicit null exception at 0x000001b350156bfc to 0x000001b350156cb0
Event: 24.588 Thread 0x000001b3a6c6c7c0 Exception <a 'java/lang/NoSuchMethodError'{0x0000000706c128e8}: 'java.lang.Object java.lang.invoke.DirectMethodHandle$Holder.invokeSpecialIFC(java.lang.Object, java.lang.Object, java.lang.Object)'> (0x0000000706c128e8) 
thrown [s\open\src\hotspot\share\interpreter\linkResolver.cpp, line 774]
Event: 24.649 Thread 0x000001b3b2447de0 Exception <a 'java/net/ConnectException'{0x000000071374b418}: Connection refused: getsockopt> (0x000000071374b418) 
thrown [s\open\src\hotspot\share\prims\jni.cpp, line 539]
Event: 24.667 Thread 0x000001b3b2447de0 Exception <a 'java/net/ConnectException'{0x000000071374c640}: Connection refused: getsockopt> (0x000000071374c640) 
thrown [s\open\src\hotspot\share\prims\jni.cpp, line 539]
Event: 38.304 Thread 0x000001b3a6c6c7c0 Exception <a 'java/lang/NoSuchMethodError'{0x0000000706133d70}: 'void java.lang.invoke.DirectMethodHandle$Holder.invokeStatic(java.lang.Object, java.lang.Object, java.lang.Object, java.lang.Object, int)'> (0x0000000706133d70) 
thrown [s\open\src\hotspot\share\interpreter\linkResolver.cpp, line 774]
Event: 39.417 Thread 0x000001b3b2447de0 Exception <a 'java/net/ConnectException'{0x0000000713759c78}: Connection refused: getsockopt> (0x0000000713759c78) 
thrown [s\open\src\hotspot\share\prims\jni.cpp, line 539]
Event: 47.230 Thread 0x000001b3b2447de0 Exception <a 'java/net/ConnectException'{0x00000007137673b8}: Connection refused: getsockopt> (0x00000007137673b8) 
thrown [s\open\src\hotspot\share\prims\jni.cpp, line 539]
Event: 47.253 Thread 0x000001b3b2447de0 Exception <a 'java/net/ConnectException'{0x0000000713768660}: Connection refused: getsockopt> (0x0000000713768660) 
thrown [s\open\src\hotspot\share\prims\jni.cpp, line 539]
Event: 57.466 Thread 0x000001b3b2447de0 Exception <a 'java/net/ConnectException'{0x0000000704f4a668}: Connection refused: getsockopt> (0x0000000704f4a668) 
thrown [s\open\src\hotspot\share\prims\jni.cpp, line 539]
Event: 57.476 Thread 0x000001b3b2447de0 Exception <a 'java/net/ConnectException'{0x0000000704f4b930}: Connection refused: getsockopt> (0x0000000704f4b930) 
thrown [s\open\src\hotspot\share\prims\jni.cpp, line 539]
Event: 118.219 Thread 0x000001b3b1f848a0 Exception <a 'java/net/ConnectException'{0x00000007048b1758}: Connection refused: getsockopt> (0x00000007048b1758) 
thrown [s\open\src\hotspot\share\prims\jni.cpp, line 539]
Event: 118.228 Thread 0x000001b3b1f848a0 Exception <a 'java/net/ConnectException'{0x00000007048b29a0}: Connection refused: getsockopt> (0x00000007048b29a0) 
thrown [s\open\src\hotspot\share\prims\jni.cpp, line 539]

ZGC Phase Switch (0 events):
No events

VM Operations (20 events):
Event: 42.367 Executing VM operation: Cleanup done
Event: 45.390 Executing VM operation: Cleanup
Event: 45.390 Executing VM operation: Cleanup done
Event: 47.409 Executing VM operation: Cleanup
Event: 47.409 Executing VM operation: Cleanup done
Event: 55.466 Executing VM operation: Cleanup
Event: 55.466 Executing VM operation: Cleanup done
Event: 57.480 Executing VM operation: Cleanup
Event: 57.481 Executing VM operation: Cleanup done
Event: 58.485 Executing VM operation: Cleanup
Event: 58.485 Executing VM operation: Cleanup done
Event: 60.098 Executing VM operation: HandshakeAllThreads (HandshakeForDeflation)
Event: 60.098 Executing VM operation: HandshakeAllThreads (HandshakeForDeflation) done
Event: 60.098 Executing VM operation: RendezvousGCThreads
Event: 60.098 Executing VM operation: RendezvousGCThreads done
Event: 98.410 Executing VM operation: Cleanup
Event: 98.410 Executing VM operation: Cleanup done
Event: 118.592 Executing VM operation: Cleanup
Event: 118.592 Executing VM operation: Cleanup done
Event: 118.722 Executing VM operation: G1CollectForAllocation (G1 Evacuation Pause)

Events (20 events):
Event: 117.445 Thread 0x000001b3b1f87690 Thread exited: 0x000001b3b1f87690
Event: 117.509 Thread 0x000001b3b2447de0 Thread exited: 0x000001b3b2447de0
Event: 117.509 Thread 0x000001b3b1f84f30 Thread exited: 0x000001b3b1f84f30
Event: 117.509 Thread 0x000001b3b1f855c0 Thread exited: 0x000001b3b1f855c0
Event: 118.189 Thread 0x000001b3b1f855c0 Thread added: 0x000001b3b1f855c0
Event: 118.189 Thread 0x000001b3b1f87690 Thread added: 0x000001b3b1f87690
Event: 118.189 Thread 0x000001b3b1f85c50 Thread added: 0x000001b3b1f85c50
Event: 118.190 Thread 0x000001b3b1f848a0 Thread added: 0x000001b3b1f848a0
Event: 118.193 Thread 0x000001b3b1f84f30 Thread added: 0x000001b3b1f84f30
Event: 118.199 Thread 0x000001b3b1f862e0 Thread exited: 0x000001b3b1f862e0
Event: 118.219 Thread 0x000001b3b1f87000 Thread exited: 0x000001b3b1f87000
Event: 118.219 Thread 0x000001b3b1f84210 Thread exited: 0x000001b3b1f84210
Event: 118.224 Thread 0x000001b3b1f84210 Thread added: 0x000001b3b1f84210
Event: 118.227 Thread 0x000001b3b1f862e0 Thread added: 0x000001b3b1f862e0
Event: 118.227 Thread 0x000001b3b1f87000 Thread added: 0x000001b3b1f87000
Event: 118.227 Thread 0x000001b3b1ab56f0 Thread added: 0x000001b3b1ab56f0
Event: 118.255 Thread 0x000001b3b1ab84e0 Thread added: 0x000001b3b1ab84e0
Event: 118.257 Thread 0x000001b3b1aba5b0 Thread added: 0x000001b3b1aba5b0
Event: 118.721 Thread 0x000001b3b1abac40 Thread added: 0x000001b3b1abac40
Event: 118.721 Thread 0x000001b3b1ab3cb0 Thread added: 0x000001b3b1ab3cb0


Dynamic libraries:
0x00007ff62cae0000 - 0x00007ff62caee000 	C:\Users\SõregiKrisztián\.jdks\openjdk-22\bin\java.exe
0x00007ffab04d0000 - 0x00007ffab06c8000 	C:\WINDOWS\SYSTEM32\ntdll.dll
0x00007ffaaf810000 - 0x00007ffaaf8d2000 	C:\WINDOWS\System32\KERNEL32.DLL
0x00007ffaadbf0000 - 0x00007ffaadeef000 	C:\WINDOWS\System32\KERNELBASE.dll
0x00007ffaadef0000 - 0x00007ffaadff0000 	C:\WINDOWS\System32\ucrtbase.dll
0x00007ffaa1840000 - 0x00007ffaa1857000 	C:\Users\SõregiKrisztián\.jdks\openjdk-22\bin\jli.dll
0x00007ffaa1820000 - 0x00007ffaa183b000 	C:\Users\SõregiKrisztián\.jdks\openjdk-22\bin\VCRUNTIME140.dll
0x00007ffaae800000 - 0x00007ffaae99d000 	C:\WINDOWS\System32\USER32.dll
0x00007ffaae3a0000 - 0x00007ffaae3c2000 	C:\WINDOWS\System32\win32u.dll
0x00007ffaae7d0000 - 0x00007ffaae7fb000 	C:\WINDOWS\System32\GDI32.dll
0x00007ffa8e3c0000 - 0x00007ffa8e65a000 	C:\WINDOWS\WinSxS\amd64_microsoft.windows.common-controls_6595b64144ccf1df_6.0.19041.4355_none_60b8b9eb71f62e16\COMCTL32.dll
0x00007ffaae090000 - 0x00007ffaae1aa000 	C:\WINDOWS\System32\gdi32full.dll
0x00007ffaae650000 - 0x00007ffaae6ee000 	C:\WINDOWS\System32\msvcrt.dll
0x00007ffaadff0000 - 0x00007ffaae08d000 	C:\WINDOWS\System32\msvcp_win.dll
0x00007ffaaed00000 - 0x00007ffaaed2f000 	C:\WINDOWS\System32\IMM32.DLL
0x00007ffaa2440000 - 0x00007ffaa244c000 	C:\Users\SõregiKrisztián\.jdks\openjdk-22\bin\vcruntime140_1.dll
0x00007ffa986f0000 - 0x00007ffa9877e000 	C:\Users\SõregiKrisztián\.jdks\openjdk-22\bin\msvcp140.dll
0x00007ffa1fde0000 - 0x00007ffa20b28000 	C:\Users\SõregiKrisztián\.jdks\openjdk-22\bin\server\jvm.dll
0x00007ffaae4f0000 - 0x00007ffaae59f000 	C:\WINDOWS\System32\ADVAPI32.dll
0x00007ffab03f0000 - 0x00007ffab048f000 	C:\WINDOWS\System32\sechost.dll
0x00007ffaafc50000 - 0x00007ffaafd73000 	C:\WINDOWS\System32\RPCRT4.dll
0x00007ffaadbc0000 - 0x00007ffaadbe7000 	C:\WINDOWS\System32\bcrypt.dll
0x00007ffaafa30000 - 0x00007ffaafa9b000 	C:\WINDOWS\System32\WS2_32.dll
0x00007ffa8b130000 - 0x00007ffa8b157000 	C:\WINDOWS\SYSTEM32\WINMM.dll
0x00007ffaad0b0000 - 0x00007ffaad0fb000 	C:\WINDOWS\SYSTEM32\POWRPROF.dll
0x00007ffaa60d0000 - 0x00007ffaa60da000 	C:\WINDOWS\SYSTEM32\VERSION.dll
0x00007ffaacf70000 - 0x00007ffaacf82000 	C:\WINDOWS\SYSTEM32\UMPDC.dll
0x00007ffaac310000 - 0x00007ffaac322000 	C:\WINDOWS\SYSTEM32\kernel.appcore.dll
0x00007ffaa2390000 - 0x00007ffaa239a000 	C:\Users\SõregiKrisztián\.jdks\openjdk-22\bin\jimage.dll
0x00007ffaa05b0000 - 0x00007ffaa0794000 	C:\WINDOWS\SYSTEM32\DBGHELP.DLL
0x00007ffa9fcc0000 - 0x00007ffa9fcf4000 	C:\WINDOWS\SYSTEM32\dbgcore.DLL
0x00007ffaae1b0000 - 0x00007ffaae232000 	C:\WINDOWS\System32\bcryptPrimitives.dll
0x00007ffaa8ac0000 - 0x00007ffaa8acf000 	C:\Users\SõregiKrisztián\.jdks\openjdk-22\bin\instrument.dll
0x00007ffaa1410000 - 0x00007ffaa142e000 	C:\Users\SõregiKrisztián\.jdks\openjdk-22\bin\java.dll
0x00007ffaaf010000 - 0x00007ffaaf77d000 	C:\WINDOWS\System32\SHELL32.dll
0x00007ffaaed50000 - 0x00007ffaaee7b000 	C:\WINDOWS\System32\ole32.dll
0x00007ffaae9a0000 - 0x00007ffaaecf5000 	C:\WINDOWS\System32\combase.dll
0x00007ffaab890000 - 0x00007ffaac034000 	C:\WINDOWS\SYSTEM32\windows.storage.dll
0x00007ffaad5a0000 - 0x00007ffaad5cb000 	C:\WINDOWS\SYSTEM32\Wldp.dll
0x00007ffaaeee0000 - 0x00007ffaaefad000 	C:\WINDOWS\System32\OLEAUT32.dll
0x00007ffaae5a0000 - 0x00007ffaae64d000 	C:\WINDOWS\System32\SHCORE.dll
0x00007ffaaee80000 - 0x00007ffaaeed5000 	C:\WINDOWS\System32\shlwapi.dll
0x00007ffaadaa0000 - 0x00007ffaadac5000 	C:\WINDOWS\SYSTEM32\profapi.dll
0x00007ffa95ef0000 - 0x00007ffa95fc7000 	C:\Users\SõregiKrisztián\.jdks\openjdk-22\bin\jsvml.dll
0x00007ffa9f3e0000 - 0x00007ffa9f3f7000 	C:\Users\SõregiKrisztián\.jdks\openjdk-22\bin\zip.dll
0x00007ffaa22b0000 - 0x00007ffaa22c0000 	C:\Users\SõregiKrisztián\.jdks\openjdk-22\bin\net.dll
0x00007ffaad300000 - 0x00007ffaad36c000 	C:\WINDOWS\system32\mswsock.dll
0x00007ffaa13f0000 - 0x00007ffaa1406000 	C:\Users\SõregiKrisztián\.jdks\openjdk-22\bin\nio.dll
0x00007ffaa1ee0000 - 0x00007ffaa1ee9000 	C:\Users\SõregiKrisztián\.jdks\openjdk-22\bin\extnet.dll
0x00007ffa944d0000 - 0x00007ffa9465d000 	C:\Users\SõregiKrisztián\.jdks\openjdk-22\bin\awt.dll
0x00007ffaaa9e0000 - 0x00007ffaaaa74000 	C:\WINDOWS\SYSTEM32\apphelp.dll
0x00007ffaab020000 - 0x00007ffaab0be000 	C:\WINDOWS\system32\uxtheme.dll
0x00007ffab02d0000 - 0x00007ffab03e5000 	C:\WINDOWS\System32\MSCTF.dll
0x00007ffa95c20000 - 0x00007ffa95ca7000 	C:\Users\SõregiKrisztián\.jdks\openjdk-22\bin\freetype.dll
0x00007ffa8b9b0000 - 0x00007ffa8ba87000 	C:\Users\SõregiKrisztián\.jdks\openjdk-22\bin\fontmanager.dll
0x00007ffaab400000 - 0x00007ffaab42f000 	C:\WINDOWS\system32\DWMAPI.DLL
0x00007ffa95320000 - 0x00007ffa95448000 	C:\WINDOWS\system32\opengl32.dll
0x00007ffaa1f60000 - 0x00007ffaa1f8c000 	C:\WINDOWS\SYSTEM32\GLU32.dll
0x00007ffa7ddb0000 - 0x00007ffa7dea9000 	C:\WINDOWS\SYSTEM32\textinputframework.dll
0x00007ffaaa1c0000 - 0x00007ffaaa51b000 	C:\WINDOWS\System32\CoreUIComponents.dll
0x00007ffaaa520000 - 0x00007ffaaa612000 	C:\WINDOWS\System32\CoreMessaging.dll
0x00007ffaa9a40000 - 0x00007ffaa9b97000 	C:\WINDOWS\SYSTEM32\wintypes.dll
0x00007ffaace00000 - 0x00007ffaace33000 	C:\WINDOWS\SYSTEM32\ntmarta.dll
0x00007ffaa10c0000 - 0x00007ffaa10d0000 	C:\Users\SõregiKrisztián\.jdks\openjdk-22\bin\verify.dll
0x00007ffab0220000 - 0x00007ffab02c9000 	C:\WINDOWS\System32\clbcatq.dll
0x00007ffaaadc0000 - 0x00007ffaaaf74000 	C:\WINDOWS\SYSTEM32\WindowsCodecs.dll
0x00007ffa71c50000 - 0x00007ffa71c8e000 	C:\WINDOWS\system32\dataexchange.dll
0x00007ffaa9f20000 - 0x00007ffaaa104000 	C:\WINDOWS\system32\dcomp.dll
0x00007ffaa9200000 - 0x00007ffaa9463000 	C:\WINDOWS\system32\d3d11.dll
0x00007ffaac0c0000 - 0x00007ffaac1b6000 	C:\WINDOWS\system32\dxgi.dll
0x00007ffa7ea30000 - 0x00007ffa7ec33000 	C:\WINDOWS\system32\twinapi.appcore.dll
0x00007ffaacfe0000 - 0x00007ffaad0aa000 	C:\WINDOWS\SYSTEM32\DNSAPI.dll
0x00007ffaacf90000 - 0x00007ffaacfcb000 	C:\WINDOWS\SYSTEM32\IPHLPAPI.DLL
0x00007ffaafd90000 - 0x00007ffaafd98000 	C:\WINDOWS\System32\NSI.dll
0x00007ffaa5900000 - 0x00007ffaa590a000 	C:\Windows\System32\rasadhlp.dll
0x00007ffaa5360000 - 0x00007ffaa53e0000 	C:\WINDOWS\System32\fwpuclnt.dll
0x00007ffaad4f0000 - 0x00007ffaad508000 	C:\WINDOWS\SYSTEM32\CRYPTSP.dll
0x00007ffaacaa0000 - 0x00007ffaacad8000 	C:\WINDOWS\system32\rsaenh.dll
0x00007ffaada20000 - 0x00007ffaada4e000 	C:\WINDOWS\SYSTEM32\USERENV.dll
0x00007ffaad510000 - 0x00007ffaad51c000 	C:\WINDOWS\SYSTEM32\CRYPTBASE.dll
0x00007ffaa3540000 - 0x00007ffaa354e000 	C:\Users\SõregiKrisztián\.jdks\openjdk-22\bin\sunmscapi.dll
0x00007ffaae240000 - 0x00007ffaae39c000 	C:\WINDOWS\System32\CRYPT32.dll
0x00007ffaad610000 - 0x00007ffaad637000 	C:\WINDOWS\SYSTEM32\ncrypt.dll
0x00007ffaad5d0000 - 0x00007ffaad60b000 	C:\WINDOWS\SYSTEM32\NTASN1.dll
0x00007ffaa8aa0000 - 0x00007ffaa8aa7000 	C:\WINDOWS\system32\wshunix.dll
0x00007ffa6f310000 - 0x00007ffa6f327000 	C:\WINDOWS\system32\napinsp.dll
0x00007ffa6f2f0000 - 0x00007ffa6f30b000 	C:\WINDOWS\system32\pnrpnsp.dll
0x00007ffa6f2d0000 - 0x00007ffa6f2e5000 	C:\WINDOWS\system32\wshbth.dll
0x00007ffaa8970000 - 0x00007ffaa898d000 	C:\WINDOWS\system32\NLAapi.dll
0x00007ffa6e8c0000 - 0x00007ffa6e8d2000 	C:\WINDOWS\System32\winrnr.dll

dbghelp: loaded successfully - version: 4.0.5 - missing functions: none
symbol engine: initialized successfully - sym options: 0x614 - pdb path: .;C:\Users\SõregiKrisztián\.jdks\openjdk-22\bin;C:\WINDOWS\SYSTEM32;C:\WINDOWS\WinSxS\amd64_microsoft.windows.common-controls_6595b64144ccf1df_6.0.19041.4355_none_60b8b9eb71f62e16;C:\Users\SõregiKrisztián\.jdks\openjdk-22\bin\server

VM Arguments:
jvm_args: --enable-preview -javaagent:C:\Users\SõregiKrisztián\AppData\Local\JetBrains\IntelliJ IDEA Community Edition 2023.3.6\lib\idea_rt.jar=62831:C:\Users\SõregiKrisztián\AppData\Local\JetBrains\IntelliJ IDEA Community Edition 2023.3.6\bin -Dfile.encoding=UTF-8 -Dsun.stdout.encoding=UTF-8 -Dsun.stderr.encoding=UTF-8 
java_command: runner.TestRunner4
java_class_path (initial): C:\Users\SõregiKrisztián\IdeaProjects\watbefore_secondhand_deuxieme\target\test-classes;C:\Users\SõregiKrisztián\IdeaProjects\watbefore_secondhand_deuxieme\target\classes;C:\Users\SõregiKrisztián\.m2\repository\org\junit\jupiter\junit-jupiter-params\5.10.0\junit-jupiter-params-5.10.0.jar;C:\Users\SõregiKrisztián\.m2\repository\org\apiguardian\apiguardian-api\1.1.2\apiguardian-api-1.1.2.jar;C:\Users\SõregiKrisztián\.m2\repository\org\junit\jupiter\junit-jupiter-engine\5.11.1\junit-jupiter-engine-5.11.1.jar;C:\Users\SõregiKrisztián\.m2\repository\org\junit\platform\junit-platform-engine\1.11.1\junit-platform-engine-1.11.1.jar;C:\Users\SõregiKrisztián\.m2\repository\org\junit\platform\junit-platform-suite-api\1.11.1\junit-platform-suite-api-1.11.1.jar;C:\Users\SõregiKrisztián\.m2\repository\org\junit\platform\junit-platform-commons\1.11.1\junit-platform-commons-1.11.1.jar;C:\Users\SõregiKrisztián\.m2\repository\org\junit\jupiter\junit-jupiter-api\5.11.1\junit-jupiter-api-5.11.1.jar;C:\Users\SõregiKrisztián\.m2\repository\org\opentest4j\opentest4j\1.3.0\opentest4j-1.3.0.jar;C:\Users\SõregiKrisztián\.m2\repository\org\json\json\20230618\json-20230618.jar;C:\Users\SõregiKrisztián\.m2\repository\io\cucumber\cucumber-java\7.18.0\cucumber-java-7.18.0.jar;C:\Users\SõregiKrisztián\.m2\repository\io\cucumber\cucumber-core\7.18.0\cucumber-core-7.18.0.jar;C:\Users\SõregiKrisztián\.m2\repository\io\cucumber\cucumber-gherkin\7.18.0\cucumber-gherkin-7.18.0.jar;C:\Users\SõregiKrisztián\.m2\repository\io\cucumber\cucumber-gherkin-messages\7.18.0\cucumber-gherkin-messages-7.18.0.jar;C:\Users\SõregiKrisztián\.m2\repository\io\cucumber\gherkin\28.0.0\gherkin-28.0.0.jar;C:\Users\SõregiKrisztián\.m2\repository\io\cucumber\messages\24.1.0\messages-24.1.0.jar;C:\Users\SõregiKrisztián\.m2\repository\io\cucumber\testng-xml-formatter\0.1.0\testng-xml-formatter-0.1.0.jar;C:\Users\SõregiKrisztián\.m2\repository\io\cucumber\query\12.2.0\query-12.2.0.jar;C:\Users\SõregiKrisztián\.m2\repository\io\cucumber\tag-expressions\6.1.0\tag-expressions-6.1.0.jar;C:\Users\SõregiKrisztián\.m2\repository\io\cucumber\cucumber-expressions\17.1.0\cucumber-expressions-17.1.0.jar;C:\Users\SõregiKrisztián\.m2\repository\io\cucumber\datatable\7.18.0\datatable-7.18.0.jar;C:\Users\SõregiKrisztián\.m2\repository\io\cucumber\cucumber-plugin\7.18.0\cucumber-plugin-7.18.0.jar;C:\Users\SõregiKrisztián\.m2\repository\io\cucumber\docstring\7.18.0\docstring-7.18.0.jar;C:\Users\SõregiKrisztián\.m2\repository\io\cucumber\html-formatter\21.3.1\html-formatter-21.3.1.jar;C:\Users\SõregiKrisztián\.m2\repository\io\cucumber\junit-xml-formatter\0.4.0\junit-xml-formatter-0.4.0.jar;C:\Users\SõregiKrisztián\.m2\repository\io\cucumber\ci-environment\10.0.1\ci-environment-10.0.1.jar;C:\Users\SõregiKrisztián\.m2\repository\io\qameta\allure\allure-junit4\2.14.0\allure-junit4-2.14.0.jar;C:\Users\SõregiKrisztián\.m2\repository\io\qameta\allure\allure-java-commons\2.14.0\allure-java-commons-2.14.0.jar;C:\Users\SõregiKrisztián\.m2\repository\io\qameta\allure\allure-model\2.14.0\allure-model-2.14.0.jar;C:\Users\SõregiKrisztián\.m2\repository\com\fasterxml\jackson\core\jackson-databind\2.12.3\jackson-databind-2.12.3.jar;C:\Users\SõregiKrisztián\.m2\repository\com\fasterxml\jackson\core\jackson-annotations\2.12.3\jackson-annotations-2.12.3.jar;C:\Users\SõregiKrisztián\.m2\repository\com\fasterxml\jackson\core\jackson-core\2.12.3\jackson-core-2.12.3.jar;C:\Users\SõregiKrisztián\.m2\repository\org\apache\tika\tika-core\1.26\tika-core-1.26.jar;C:\Users\SõregiKrisztián\.m2\repository\javax\xml\bind\jaxb-api\2.3.1\jaxb-api-2.3.1.jar;C:\Users\SõregiKrisztián\.m2\repository\javax\activation\javax.activation-api\1.2.0\javax.activation-api-1.2.0.jar;C:\Users\SõregiKrisztián\.m2\repository\javax\activation\activation\1.1.1\activation-1.1.1.jar;C:\Users\SõregiKrisztián\.m2\repository\org\jooq\joor-java-8\0.9.14\joor-java-8-0.9.14.jar;C:\Users\SõregiKrisztián\.m2\repository\com\sun\activation\javax.activation\1.2.0\javax.activation-1.2.0.jar;C:\Users\SõregiKrisztián\.m2\repository\org\apache\xmlgraphics\batik-transcoder\1.14\batik-transcoder-1.14.jar;C:\Users\SõregiKrisztián\.m2\repository\org\apache\xmlgraphics\batik-anim\1.14\batik-anim-1.14.jar;C:\Users\SõregiKrisztián\.m2\repository\org\apache\xmlgraphics\batik-css\1.14\batik-css-1.14.jar;C:\Users\SõregiKrisztián\.m2\repository\org\apache\xmlgraphics\batik-ext\1.14\batik-ext-1.14.jar;C:\Users\SõregiKrisztián\.m2\repository\org\apache\xmlgraphics\batik-parser\1.14\batik-parser-1.14.jar;C:\Users\SõregiKrisztián\.m2\repository\org\apache\xmlgraphics\batik-svg-dom\1.14\batik-svg-dom-1.14.jar;C:\Users\SõregiKrisztián\.m2\repository\org\apache\xmlgraphics\batik-awt-util\1.14\batik-awt-util-1.14.jar;C:\Users\SõregiKrisztián\.m2\repository\org\apache\xmlgraphics\xmlgraphics-commons\2.6\xmlgraphics-commons-2.6.jar;C:\Users\SõregiKrisztián\.m2\repository\org\apache\xmlgraphics\batik-bridge\1.14\batik-bridge-1.14.jar;C:\Users\SõregiKrisztián\.m2\repository\org\apache\xmlgraphics\batik-script\1.14\batik-script-1.14.jar;C:\Users\SõregiKrisztián\.m2\repository\org\apache\xmlgraphics\batik-dom\1.14\batik-dom-1.14.jar;C:\Users\SõregiKrisztián\.m2\repository\xalan\xalan\2.7.2\xalan-2.7.2.jar;C:\Users\SõregiKrisztián\.m2\repository\xalan\serializer\2.7.2\serializer-2.7.2.jar;C:\Users\SõregiKrisztián\.m2\repository\xml-apis\xml-apis\1.4.01\xml-apis-1.4.01.jar;C:\Users\SõregiKrisztián\.m2\repository\org\apache\xmlgraphics\batik-gvt\1.14\batik-gvt-1.14.jar;C:\Users\SõregiKrisztián\.m2\repository\org\apache\xmlgraphics\batik-shared-resources\1.14\batik-shared-resources-1.14.jar;C:\Users\SõregiKrisztián\.m2\repository\org\apache\xmlgraphics\batik-svggen\1.14\batik-svggen-1.14.jar;C:\Users\SõregiKrisztián\.m2\repository\org\apache\xmlgraphics\batik-util\1.14\batik-util-1.14.jar;C:\Users\SõregiKrisztián\.m2\repository\org\apache\xmlgraphics\batik-constants\1.14\batik-constants-1.14.jar;C:\Users\SõregiKrisztián\.m2\repository\org\apache\xmlgraphics\batik-i18n\1.14\batik-i18n-1.14.jar;C:\Users\SõregiKrisztián\.m2\repository\org\apache\xmlgraphics\batik-xml\1.14\batik-xml-1.14.jar;C:\Users\SõregiKrisztián\.m2\repository\xml-apis\xml-apis-ext\1.3.04\xml-apis-ext-1.3.04.jar;C:\Users\SõregiKrisztián\.m2\repository\org\apache\xmlgraphics\batik-codec\1.14\batik-codec-1.14.jar;C:\Users\SõregiKrisztián\.m2\repository\io\rest-assured\json-schema-validator\5.4.0\json-schema-validator-5.4.0.jar;C:\Users\SõregiKrisztián\.m2\repository\com\github\java-json-tools\json-schema-validator\2.2.14\json-schema-validator-2.2.14.jar;C:\Users\SõregiKrisztián\.m2\repository\com\github\java-json-tools\jackson-coreutils-equivalence\1.0\jackson-coreutils-equivalence-1.0.jar;C:\Users\SõregiKrisztián\.m2\repository\com\github\java-json-tools\jackson-coreutils\2.0\jackson-coreutils-2.0.jar;C:\Users\SõregiKrisztián\.m2\repository\com\github\java-json-tools\msg-simple\1.2\msg-simple-1.2.jar;C:\Users\SõregiKrisztián\.m2\repository\com\github\java-json-tools\btf\1.3\btf-1.3.jar;C:\Users\SõregiKrisztián\.m2\repository\com\github\java-json-tools\json-schema-core\1.2.14\json-schema-core-1.2.14.jar;C:\Users\SõregiKrisztián\.m2\repository\com\github\java-json-tools\uri-template\0.10\uri-template-0.10.jar;C:\Users\SõregiKrisztián\.m2\repository\org\mozilla\rhino\1.7.7.2\rhino-1.7.7.2.jar;C:\Users\SõregiKrisztián\.m2\repository\com\sun\mail\mailapi\1.6.2\mailapi-1.6.2.jar;C:\Users\SõregiKrisztián\.m2\repository\joda-time\joda-time\2.10.5\joda-time-2.10.5.jar;C:\Users\SõregiKrisztián\.m2\repository\com\googlecode\libphonenumber\libphonenumber\8.11.1\libphonenumber-8.11.1.jar;C:\Users\SõregiKrisztián\.m2\repository\com\google\code\findbugs\jsr305\3.0.2\jsr305-3.0.2.jar;C:\Users\SõregiKrisztián\.m2\repository\net\sf\jopt-simple\jopt-simple\5.0.4\jopt-simple-5.0.4.jar;C:\Users\SõregiKrisztián\.m2\repository\com\google\guava\guava\32.0.1-jre\guava-32.0.1-jre.jar;C:\Users\SõregiKrisztián\.m2\repository\com\google\guava\failureaccess\1.0.1\failureaccess-1.0.1.jar;C:\Users\SõregiKrisztián\.m2\repository\com\google\guava\listenablefuture\9999.0-empty-to-avoid-conflict-with-guava\listenablefuture-9999.0-empty-to-avoid-conflict-with-guava.jar;C:\Users\SõregiKrisztián\.m2\repository\org\checkerframework\checker-qual\3.33.0\checker-qual-3.33.0.jar;C:\Users\SõregiKrisztián\.m2\repository\com\google\errorprone\error_prone_annotations\2.18.0\error_prone_annotations-2.18.0.jar;C:\Users\SõregiKrisztián\.m2\repository\com\google\j2objc\j2objc-annotations\2.8\j2objc-annotations-2.8.jar;C:\Users\SõregiKrisztián\.m2\repository\org\hamcrest\hamcrest\2.2\hamcrest-2.2.jar;C:\Users\SõregiKrisztián\.m2\repository\io\rest-assured\json-path\5.4.0\json-path-5.4.0.jar;C:\Users\SõregiKrisztián\.m2\repository\org\apache\groovy\groovy-json\4.0.16\groovy-json-4.0.16.jar;C:\Users\SõregiKrisztián\.m2\repository\org\apache\groovy\groovy\4.0.16\groovy-4.0.16.jar;C:\Users\SõregiKrisztián\.m2\repository\io\rest-assured\rest-assured-common\5.4.0\rest-assured-common-5.4.0.jar;C:\Users\SõregiKrisztián\.m2\repository\io\rest-assured\rest-assured\5.4.0\rest-assured-5.4.0.jar;C:\Users\SõregiKrisztián\.m2\repository\org\apache\groovy\groovy-xml\4.0.16\groovy-xml-4.0.16.jar;C:\Users\SõregiKrisztián\.m2\repository\org\apache\httpcomponents\httpclient\4.5.13\httpclient-4.5.13.jar;C:\Users\SõregiKrisztián\.m2\repository\org\apache\httpcomponents\httpcore\4.4.13\httpcore-4.4.13.jar;C:\Users\SõregiKrisztián\.m2\repository\commons-logging\commons-logging\1.2\commons-logging-1.2.jar;C:\Users\SõregiKrisztián\.m2\repository\commons-codec\commons-codec\1.11\commons-codec-1.11.jar;C:\Users\SõregiKrisztián\.m2\repository\org\apache\httpcomponents\httpmime\4.5.13\httpmime-4.5.13.jar;C:\Users\SõregiKrisztián\.m2\repository\org\ccil\cowan\tagsoup\tagsoup\1.2.1\tagsoup-1.2.1.jar;C:\Users\SõregiKrisztián\.m2\repository\io\rest-assured\xml-path\5.4.0\xml-path-5.4.0.jar;C:\Users\SõregiKrisztián\.m2\repository\org\jfree\jfreechart\1.5.4\jfreechart-1.5.4.jar;C:\Users\SõregiKrisztián\.m2\repository\junit\junit\4.13\junit-4.13.jar;C:\Users\SõregiKrisztián\.m2\repository\org\hamcrest\hamcrest-core\1.3\hamcrest-core-1.3.jar;C:\Users\SõregiKrisztián\.m2\repository\io\quarkus\quarkus-junit5\3.10.0\quarkus-junit5-3.10.0.jar;C:\Users\SõregiKrisztián\.m2\repository\io\quarkus\quarkus-bootstrap-core\3.10.0\quarkus-bootstrap-core-3.10.0.jar;C:\Users\SõregiKrisztián\.m2\repository\io\quarkus\quarkus-bootstrap-app-model\3.10.0\quarkus-bootstrap-app-model-3.10.0.jar;C:\Users\SõregiKrisztián\.m2\repository\io\smallrye\common\smallrye-common-io\2.3.0\smallrye-common-io-2.3.0.jar;C:\Users\SõregiKrisztián\.m2\repository\org\eclipse\sisu\org.eclipse.sisu.inject\0.9.0.M2\org.eclipse.sisu.inject-0.9.0.M2.jar;C:\Users\SõregiKrisztián\.m2\repository\io\quarkus\quarkus-test-common\3.10.0\quarkus-test-common-3.10.0.jar;C:\Users\SõregiKrisztián\.m2\repository\io\quarkus\quarkus-core-deployment\3.10.0\quarkus-core-deployment-3.10.0.jar;C:\Users\SõregiKrisztián\.m2\repository\org\aesh\readline\2.4\readline-2.4.jar;C:\Users\SõregiKrisztián\.m2\repository\org\fusesource\jansi\jansi\2.4.0\jansi-2.4.0.jar;C:\Users\SõregiKrisztián\.m2\repository\org\aesh\aesh\2.7\aesh-2.7.jar;C:\Users\SõregiKrisztián\.m2\repository\io\quarkus\gizmo\gizmo\1.8.0\gizmo-1.8.0.jar;C:\Users\SõregiKrisztián\.m2\repository\org\ow2\asm\asm-util\9.6\asm-util-9.6.jar;C:\Users\SõregiKrisztián\.m2\repository\org\ow2\asm\asm-analysis\9.6\asm-analysis-9.6.jar;C:\Users\SõregiKrisztián\.m2\repository\org\ow2\asm\asm\9.7\asm-9.7.jar;C:\Users\SõregiKrisztián\.m2\repository\org\ow2\asm\asm-commons\9.7\asm-commons-9.7.jar;C:\Users\SõregiKrisztián\.m2\repository\org\ow2\asm\asm-tree\9.7\asm-tree-9.7.jar;C:\Users\SõregiKrisztián\.m2\repository\io\quarkus\quarkus-class-change-agent\3.10.0\quarkus-class-change-agent-3.10.0.jar;C:\Users\SõregiKrisztián\.m2\repository\io\quarkus\quarkus-devtools-utilities\3.10.0\quarkus-devtools-utilities-3.10.0.jar;C:\Users\SõregiKrisztián\.m2\repository\io\quarkus\quarkus-builder\3.10.0\quarkus-builder-3.10.0.jar;C:\Users\SõregiKrisztián\.m2\repository\org\graalvm\sdk\nativeimage\23.1.2\nativeimage-23.1.2.jar;C:\Users\SõregiKrisztián\.m2\repository\org\graalvm\sdk\word\23.1.2\word-23.1.2.jar;C:\Users\SõregiKrisztián\.m2\repository\org\junit\platform\junit-platform-launcher\1.10.2\junit-platform-launcher-1.10.2.jar;C:\Users\SõregiKrisztián\.m2\repository\io\quarkus\quarkus-bootstrap-maven-resolver\3.10.0\quarkus-bootstrap-maven-resolver-3.10.0.jar;C:\Users\SõregiKrisztián\.m2\repository\io\smallrye\beanbag\smallrye-beanbag-maven\1.4.1\smallrye-beanbag-maven-1.4.1.jar;C:\Users\SõregiKrisztián\.m2\repository\io\smallrye\beanbag\smallrye-beanbag-sisu\1.4.1\smallrye-beanbag-sisu-1.4.1.jar;C:\Users\SõregiKrisztián\.m2\repository\io\smallrye\beanbag\smallrye-beanbag\1.4.1\smallrye-beanbag-1.4.1.jar;C:\Users\SõregiKrisztián\.m2\repository\javax\inject\javax.inject\1\javax.inject-1.jar;C:\Users\SõregiKrisztián\.m2\repository\org\apache\maven\maven-artifact\3.9.6\maven-artifact-3.9.6.jar;C:\Users\SõregiKrisztián\.m2\repository\org\apache\maven\maven-builder-support\3.9.6\maven-builder-support-3.9.6.jar;C:\Users\SõregiKrisztián\.m2\repository\org\apache\maven\maven-model\3.9.6\maven-model-3.9.6.jar;C:\Users\SõregiKrisztián\.m2\repository\org\apache\maven\maven-model-builder\3.9.6\maven-model-builder-3.9.6.jar;C:\Users\SõregiKrisztián\.m2\repository\org\apache\maven\maven-repository-metadata\3.9.6\maven-repository-metadata-3.9.6.jar;C:\Users\SõregiKrisztián\.m2\repository\org\apache\maven\maven-settings\3.9.6\maven-settings-3.9.6.jar;C:\Users\SõregiKrisztián\.m2\repository\org\apache\maven\resolver\maven-resolver-api\1.9.18\maven-resolver-api-1.9.18.jar;C:\Users\SõregiKrisztián\.m2\repository\org\apache\maven\resolver\maven-resolver-impl\1.9.18\maven-resolver-impl-1.9.18.jar;C:\Users\SõregiKrisztián\.m2\repository\org\apache\maven\resolver\maven-resolver-named-locks\1.9.18\maven-resolver-named-locks-1.9.18.jar;C:\Users\SõregiKrisztián\.m2\repository\org\apache\maven\resolver\maven-resolver-spi\1.9.18\maven-resolver-spi-1.9.18.jar;C:\Users\SõregiKrisztián\.m2\repository\org\apache\maven\resolver\maven-resolver-util\1.9.18\maven-resolver-util-1.9.18.jar;C:\Users\SõregiKrisztián\.m2\repository\org\apache\maven\resolver\maven-resolver-transport-http\1.9.18\maven-resolver-transport-http-1.9.18.jar;C:\Users\SõregiKrisztián\.m2\repository\org\apache\maven\wagon\wagon-provider-api\3.5.3\wagon-provider-api-3.5.3.jar;C:\Users\SõregiKrisztián\.m2\repository\org\apache\maven\wagon\wagon-http-shared\3.5.3\wagon-http-shared-3.5.3.jar;C:\Users\SõregiKrisztián\.m2\repository\org\codehaus\plexus\plexus-interpolation\1.27\plexus-interpolation-1.27.jar;C:\Users\SõregiKrisztián\.m2\repository\org\codehaus\plexus\plexus-utils\4.0.0\plexus-utils-4.0.0.jar;C:\Users\SõregiKrisztián\.m2\repository\org\codehaus\plexus\plexus-xml\4.0.0\plexus-xml-4.0.0.jar;C:\Users\SõregiKrisztián\.m2\repository\org\apache\maven\maven-xml-impl\4.0.0-alpha-5\maven-xml-impl-4.0.0-alpha-5.jar;C:\Users\SõregiKrisztián\.m2\repository\org\apache\maven\maven-api-xml\4.0.0-alpha-5\maven-api-xml-4.0.0-alpha-5.jar;C:\Users\SõregiKrisztián\.m2\repository\org\apache\maven\maven-api-meta\4.0.0-alpha-5\maven-api-meta-4.0.0-alpha-5.jar;C:\Users\SõregiKrisztián\.m2\repository\org\codehaus\plexus\plexus-cipher\2.1.0\plexus-cipher-2.1.0.jar;C:\Users\SõregiKrisztián\.m2\repository\org\codehaus\plexus\plexus-sec-dispatcher\2.0\plexus-sec-dispatcher-2.0.jar;C:\Users\SõregiKrisztián\.m2\repository\org\apache\maven\maven-embedder\3.9.6\maven-embedder-3.9.6.jar;C:\Users\SõregiKrisztián\.m2\repository\org\apache\maven\maven-core\3.9.6\maven-core-3.9.6.jar;C:\Users\SõregiKrisztián\.m2\repository\org\codehaus\plexus\plexus-component-annotations\2.1.0\plexus-component-annotations-2.1.0.jar;C:\Users\SõregiKrisztián\.m2\repository\org\apache\maven\maven-plugin-api\3.9.6\maven-plugin-api-3.9.6.jar;C:\Users\SõregiKrisztián\.m2\repository\org\apache\maven\shared\maven-shared-utils\3.3.4\maven-shared-utils-3.3.4.jar;C:\Users\SõregiKrisztián\.m2\repository\com\google\inject\guice\5.1.0\guice-5.1.0.jar;C:\Users\SõregiKrisztián\.m2\repository\aopalliance\aopalliance\1.0\aopalliance-1.0.jar;C:\Users\SõregiKrisztián\.m2\repository\javax\annotation\javax.annotation-api\1.3.2\javax.annotation-api-1.3.2.jar;C:\Users\SõregiKrisztián\.m2\repository\org\codehaus\plexus\plexus-classworlds\2.7.0\plexus-classworlds-2.7.0.jar;C:\Users\SõregiKrisztián\.m2\repository\commons-cli\commons-cli\1.5.0\commons-cli-1.5.0.jar;C:\Users\SõregiKrisztián\.m2\repository\org\eclipse\sisu\org.eclipse.sisu.plexus\0.9.0.M2\org.eclipse.sisu.plexus-0.9.0.M2.jar;C:\Users\SõregiKrisztián\.m2\repository\org\apache\maven\maven-settings-builder\3.9.6\maven-settings-builder-3.9.6.jar;C:\Users\SõregiKrisztián\.m2\repository\org\apache\maven\maven-resolver-provider\3.9.6\maven-resolver-provider-3.9.6.jar;C:\Users\SõregiKrisztián\.m2\repository\org\apache\maven\resolver\maven-resolver-connector-basic\1.9.18\maven-resolver-connector-basic-1.9.18.jar;C:\Users\SõregiKrisztián\.m2\repository\org\apache\maven\resolver\maven-resolver-transport-wagon\1.9.18\maven-resolver-transport-wagon-1.9.18.jar;C:\Users\SõregiKrisztián\.m2\repository\org\apache\maven\wagon\wagon-http\3.5.3\wagon-http-3.5.3.jar;C:\Users\SõregiKrisztián\.m2\repository\org\apache\maven\wagon\wagon-file\3.5.3\wagon-file-3.5.3.jar;C:\Users\SõregiKrisztián\.m2\repository\io\quarkus\quarkus-bootstrap-gradle-resolver\3.10.0\quarkus-bootstrap-gradle-resolver-3.10.0.jar;C:\Users\SõregiKrisztián\.m2\repository\io\smallrye\jandex\3.1.7\jandex-3.1.7.jar;C:\Users\SõregiKrisztián\.m2\repository\org\jboss\logging\commons-logging-jboss-logging\1.0.0.Final\commons-logging-jboss-logging-1.0.0.Final.jar;C:\Users\SõregiKrisztián\.m2\repository\io\quarkus\quarkus-junit5-properties\3.10.0\quarkus-junit5-properties-3.10.0.jar;C:\Users\SõregiKrisztián\.m2\repository\io\quarkus\quarkus-core\3.10.0\quarkus-core-3.10.0.jar;C:\Users\SõregiKrisztián\.m2\repository\jakarta\annotation\jakarta.annotation-api\2.1.1\jakarta.annotation-api-2.1.1.jar;C:\Users\SõregiKrisztián\.m2\repository\jakarta\enterprise\jakarta.enterprise.cdi-api\4.0.1\jakarta.enterprise.cdi-api-4.0.1.jar;C:\Users\SõregiKrisztián\.m2\repository\jakarta\enterprise\jakarta.enterprise.lang-model\4.0.1\jakarta.enterprise.lang-model-4.0.1.jar;C:\Users\SõregiKrisztián\.m2\repository\jakarta\el\jakarta.el-api\5.0.0\jakarta.el-api-5.0.0.jar;C:\Users\SõregiKrisztián\.m2\repository\jakarta\interceptor\jakarta.interceptor-api\2.1.0\jakarta.interceptor-api-2.1.0.jar;C:\Users\SõregiKrisztián\.m2\repository\jakarta\inject\jakarta.inject-api\2.0.1\jakarta.inject-api-2.0.1.jar;C:\Users\SõregiKrisztián\.m2\repository\io\smallrye\common\smallrye-common-os\2.3.0\smallrye-common-os-2.3.0.jar;C:\Users\SõregiKrisztián\.m2\repository\io\quarkus\quarkus-ide-launcher\3.10.0\quarkus-ide-launcher-3.10.0.jar;C:\Users\SõregiKrisztián\.m2\repository\io\quarkus\quarkus-development-mode-spi\3.10.0\quarkus-development-mode-spi-3.10.0.jar;C:\Users\SõregiKrisztián\.m2\repository\io\smallrye\config\smallrye-config\3.7.1\smallrye-config-3.7.1.jar;C:\Users\SõregiKrisztián\.m2\repository\io\smallrye\config\smallrye-config-core\3.7.1\smallrye-config-core-3.7.1.jar;C:\Users\SõregiKrisztián\.m2\repository\org\eclipse\microprofile\config\microprofile-config-api\3.1\microprofile-config-api-3.1.jar;C:\Users\SõregiKrisztián\.m2\repository\io\smallrye\common\smallrye-common-annotation\2.2.0\smallrye-common-annotation-2.2.0.jar;C:\Users\SõregiKrisztián\.m2\repository\io\smallrye\common\smallrye-common-classloader\2.2.0\smallrye-common-classloader-2.2.0.jar;C:\Users\SõregiKrisztián\.m2\repository\io\smallrye\config\smallrye-config-common\3.7.1\smallrye-config-common-3.7.1.jar;C:\Users\SõregiKrisztián\.m2\repository\org\jboss\logging\jboss-logging\3.5.3.Final\jboss-logging-3.5.3.Final.jar;C:\Users\SõregiKrisztián\.m2\repository\org\jboss\logmanager\jboss-logmanager\3.0.4.Final\jboss-logmanager-3.0.4.Final.jar;C:\Users\SõregiKrisztián\.m2\repository\io\smallrye\common\smallrye-common-constraint\2.2.0\smallrye-common-constraint-2.2.0.jar;C:\Users\SõregiKrisztián\.m2\repository\io\smallrye\common\smallrye-common-cpu\2.2.0\smallrye-common-cpu-2.2.0.jar;C:\Users\SõregiKrisztián\.m2\repository\io\smallrye\common\smallrye-common-expression\2.2.0\smallrye-common-expression-2.2.0.jar;C:\Users\SõregiKrisztián\.m2\repository\io\smallrye\common\smallrye-common-function\2.2.0\smallrye-common-function-2.2.0.jar;C:\Users\SõregiKrisztián\.m2\repository\io\smallrye\common\smallrye-common-net\2.2.0\smallrye-common-net-2.2.0.jar;C:\Users\SõregiKrisztián\.m2\repository\io\smallrye\common\smallrye-common-ref\2.2.0\smallrye-common-ref-2.2.0.jar;C:\Users\SõregiKrisztián\.m2\repository\jakarta\json\jakarta.json-api\2.1.3\jakarta.json-api-2.1.3.jar;C:\Users\SõregiKrisztián\.m2\repository\org\eclipse\parsson\parsson\1.1.5\parsson-1.1.5.jar;C:\Users\SõregiKrisztián\.m2\repository\org\jboss\logging\jboss-logging-annotations\2.2.1.Final\jboss-logging-annotations-2.2.1.Final.jar;C:\Users\SõregiKrisztián\.m2\repository\org\jboss\threads\jboss-threads\3.6.1.Final\jboss-threads-3.6.1.Final.jar;C:\Users\SõregiKrisztián\.m2\repository\org\jboss\slf4j\slf4j-jboss-logmanager\2.0.0.Final\slf4j-jboss-logmanager-2.0.0.Final.jar;C:\Users\SõregiKrisztián\.m2\repository\org\wildfly\common\wildfly-common\1.7.0.Final\wildfly-common-1.7.0.Final.jar;C:\Users\SõregiKrisztián\.m2\repository\io\quarkus\quarkus-bootstrap-runner\3.10.0\quarkus-bootstrap-runner-3.10.0.jar;C:\Users\SõregiKrisztián\.m2\repository\io\github\crac\org-crac\0.1.3\org-crac-0.1.3.jar;C:\Users\SõregiKrisztián\.m2\repository\io\quarkus\quarkus-fs-util\0.0.10\quarkus-fs-util-0.0.10.jar;C:\Users\SõregiKrisztián\.m2\repository\com\thoughtworks\xstream\xstream\1.4.20\xstream-1.4.20.jar;C:\Users\SõregiKrisztián\.m2\repository\io\github\x-stream\mxparser\1.2.2\mxparser-1.2.2.jar;C:\Users\SõregiKrisztián\.m2\repository\xmlpull\xmlpull\1.1.3.1\xmlpull-1.1.3.1.jar;C:\Users\SõregiKrisztián\.m2\repository\org\junit\jupiter\junit-jupiter\5.9.3\junit-jupiter-5.9.3.jar;C:\Users\SõregiKrisztián\.m2\repository\org\seleniumhq\selenium\selenium-java\4.17.0\selenium-java-4.17.0.jar;C:\Users\SõregiKrisztián\.m2\repository\org\seleniumhq\selenium\selenium-chrome-driver\4.17.0\selenium-chrome-driver-4.17.0.jar;C:\Users\SõregiKrisztián\.m2\repository\org\seleniumhq\selenium\selenium-devtools-v119\4.17.0\selenium-devtools-v119-4.17.0.jar;C:\Users\SõregiKrisztián\.m2\repository\org\seleniumhq\selenium\selenium-devtools-v120\4.17.0\selenium-devtools-v120-4.17.0.jar;C:\Users\SõregiKrisztián\.m2\repository\org\seleniumhq\selenium\selenium-devtools-v121\4.17.0\selenium-devtools-v121-4.17.0.jar;C:\Users\SõregiKrisztián\.m2\repository\org\seleniumhq\selenium\selenium-edge-driver\4.17.0\selenium-edge-driver-4.17.0.jar;C:\Users\SõregiKrisztián\.m2\repository\org\seleniumhq\selenium\selenium-firefox-driver\4.17.0\selenium-firefox-driver-4.17.0.jar;C:\Users\SõregiKrisztián\.m2\repository\org\seleniumhq\selenium\selenium-ie-driver\4.17.0\selenium-ie-driver-4.17.0.jar;C:\Users\SõregiKrisztián\.m2\repository\org\seleniumhq\selenium\selenium-safari-driver\4.17.0\selenium-safari-driver-4.17.0.jar;C:\Users\SõregiKrisztián\.m2\repository\org\seleniumhq\selenium\selenium-support\4.17.0\selenium-support-4.17.0.jar;C:\Users\SõregiKrisztián\.m2\repository\io\github\bonigarcia\webdrivermanager\5.5.3\webdrivermanager-5.5.3.jar;C:\Users\SõregiKrisztián\.m2\repository\org\slf4j\slf4j-api\2.0.7\slf4j-api-2.0.7.jar;C:\Users\SõregiKrisztián\.m2\repository\com\google\code\gson\gson\2.10.1\gson-2.10.1.jar;C:\Users\SõregiKrisztián\.m2\repository\com\github\docker-java\docker-java\3.3.3\docker-java-3.3.3.jar;C:\Users\SõregiKrisztián\.m2\repository\com\github\docker-java\docker-java-core\3.3.3\docker-java-core-3.3.3.jar;C:\Users\SõregiKrisztián\.m2\repository\com\github\docker-java\docker-java-api\3.3.3\docker-java-api-3.3.3.jar;C:\Users\SõregiKrisztián\.m2\repository\org\apache\commons\commons-compress\1.21\commons-compress-1.21.jar;C:\Users\SõregiKrisztián\.m2\repository\org\bouncycastle\bcpkix-jdk18on\1.75\bcpkix-jdk18on-1.75.jar;C:\Users\SõregiKrisztián\.m2\repository\org\bouncycastle\bcprov-jdk18on\1.75\bcprov-jdk18on-1.75.jar;C:\Users\SõregiKrisztián\.m2\repository\org\bouncycastle\bcutil-jdk18on\1.75\bcutil-jdk18on-1.75.jar;C:\Users\SõregiKrisztián\.m2\repository\org\slf4j\jcl-over-slf4j\1.7.30\jcl-over-slf4j-1.7.30.jar;C:\Users\SõregiKrisztián\.m2\repository\com\github\docker-java\docker-java-transport-httpclient5\3.3.3\docker-java-transport-httpclient5-3.3.3.jar;C:\Users\SõregiKrisztián\.m2\repository\com\github\docker-java\docker-java-transport\3.3.3\docker-java-transport-3.3.3.jar;C:\Users\SõregiKrisztián\.m2\repository\net\java\dev\jna\jna\5.12.1\jna-5.12.1.jar;C:\Users\SõregiKrisztián\.m2\repository\org\brotli\dec\0.1.2\dec-0.1.2.jar;C:\Users\SõregiKrisztián\.m2\repository\org\apache\commons\commons-lang3\3.13.0\commons-lang3-3.13.0.jar;C:\Users\SõregiKrisztián\.m2\repository\org\apache\httpcomponents\client5\httpclient5\5.2.1\httpclient5-5.2.1.jar;C:\Users\SõregiKrisztián\.m2\repository\org\apache\httpcomponents\core5\httpcore5\5.2\httpcore5-5.2.jar;C:\Users\SõregiKrisztián\.m2\repository\org\apache\httpcomponents\core5\httpcore5-h2\5.2\httpcore5-h2-5.2.jar;C:\Users\SõregiKrisztián\.m2\repository\org\seleniumhq\selenium\selenium-devtools-v85\4.17.0\selenium-devtools-v85-4.17.0.jar;C:\Users\SõregiKrisztián\.m2\repository\com\google\auto\service\auto-service-annotations\1.1.1\auto-service-annotations-1.1.1.jar;C:\Users\SõregiKrisztián\.m2\repository\org\seleniumhq\selenium\selenium-json\4.17.0\selenium-json-4.17.0.jar;C:\Users\SõregiKrisztián\.m2\repository\org\seleniumhq\selenium\selenium-chromium-driver\4.17.0\selenium-chromium-driver-4.17.0.jar;C:\Users\SõregiKrisztián\.m2\repository\org\seleniumhq\selenium\selenium-remote-driver\4.17.0\selenium-remote-driver-4.17.0.jar;C:\Users\SõregiKrisztián\.m2\repository\io\opentelemetry\semconv\opentelemetry-semconv\1.23.1-alpha\opentelemetry-semconv-1.23.1-alpha.jar;C:\Users\SõregiKrisztián\.m2\repository\io\opentelemetry\opentelemetry-api\1.34.1\opentelemetry-api-1.34.1.jar;C:\Users\SõregiKrisztián\.m2\repository\io\opentelemetry\opentelemetry-context\1.34.1\opentelemetry-context-1.34.1.jar;C:\Users\SõregiKrisztián\.m2\repository\io\opentelemetry\opentelemetry-exporter-logging\1.34.1\opentelemetry-exporter-logging-1.34.1.jar;C:\Users\SõregiKrisztián\.m2\repository\io\opentelemetry\opentelemetry-sdk-common\1.34.1\opentelemetry-sdk-common-1.34.1.jar;C:\Users\SõregiKrisztián\.m2\repository\io\opentelemetry\opentelemetry-sdk-extension-autoconfigure-spi\1.34.1\opentelemetry-sdk-extension-autoconfigure-spi-1.34.1.jar;C:\Users\SõregiKrisztián\.m2\repository\io\opentelemetry\opentelemetry-sdk-extension-autoconfigure\1.34.1\opentelemetry-sdk-extension-autoconfigure-1.34.1.jar;C:\Users\SõregiKrisztián\.m2\repository\io\opentelemetry\opentelemetry-api-events\1.34.1-alpha\opentelemetry-api-events-1.34.1-alpha.jar;C:\Users\SõregiKrisztián\.m2\repository\io\opentelemetry\opentelemetry-sdk-trace\1.34.1\opentelemetry-sdk-trace-1.34.1.jar;C:\Users\SõregiKrisztián\.m2\repository\io\opentelemetry\opentelemetry-sdk\1.34.1\opentelemetry-sdk-1.34.1.jar;C:\Users\SõregiKrisztián\.m2\repository\io\opentelemetry\opentelemetry-sdk-metrics\1.34.1\opentelemetry-sdk-metrics-1.34.1.jar;C:\Users\SõregiKrisztián\.m2\repository\io\opentelemetry\opentelemetry-extension-incubator\1.34.1-alpha\opentelemetry-extension-incubator-1.34.1-alpha.jar;C:\Users\SõregiKrisztián\.m2\repository\io\opentelemetry\opentelemetry-sdk-logs\1.34.1\opentelemetry-sdk-logs-1.34.1.jar;C:\Users\SõregiKrisztián\.m2\repository\net\bytebuddy\byte-buddy\1.14.11\byte-buddy-1.14.11.jar;C:\Users\SõregiKrisztián\.m2\repository\org\seleniumhq\selenium\selenium-http\4.17.0\selenium-http-4.17.0.jar;C:\Users\SõregiKrisztián\.m2\repository\dev\failsafe\failsafe\3.3.2\failsafe-3.3.2.jar;C:\Users\SõregiKrisztián\.m2\repository\org\seleniumhq\selenium\selenium-manager\4.17.0\selenium-manager-4.17.0.jar;C:\Users\SõregiKrisztián\.m2\repository\org\seleniumhq\selenium\selenium-os\4.17.0\selenium-os-4.17.0.jar;C:\Users\SõregiKrisztián\.m2\repository\org\apache\commons\commons-exec\1.3\commons-exec-1.3.jar;C:\Users\SõregiKrisztián\.m2\repository\org\seleniumhq\selenium\selenium-api\4.17.0\selenium-api-4.17.0.jar;C:\Users\SõregiKrisztián\.m2\repository\org\testng\testng\7.7.0\testng-7.7.0.jar;C:\Users\SõregiKrisztián\.m2\repository\com\beust\jcommander\1.82\jcommander-1.82.jar;C:\Users\SõregiKrisztián\.m2\repository\org\webjars\jquery\3.6.1\jquery-3.6.1.jar;C:\Users\SõregiKrisztián\.m2\repository\com\assertthat\selenium-shutterbug\1.6\selenium-shutterbug-1.6.jar;C:\Users\SõregiKrisztián\.m2\repository\commons-io\commons-io\2.7\commons-io-2.7.jar;C:\Users\SõregiKrisztián\.m2\repository\com\github\zafarkhaja\java-semver\0.9.0\java-semver-0.9.0.jar;C:\Users\SõregiKrisztián\.m2\repository\com\formdev\flatlaf\3.5\flatlaf-3.5.jar;C:\Users\SõregiKrisztián\.m2\repository\com\squareup\okhttp3\okhttp\4.12.0\okhttp-4.12.0.jar;C:\Users\SõregiKrisztián\.m2\repository\com\squareup\okio\okio\3.6.0\okio-3.6.0.jar;C:\Users\SõregiKrisztián\.m2\repository\com\squareup\okio\okio-jvm\3.6.0\okio-jvm-3.6.0.jar;C:\Users\SõregiKrisztián\.m2\repository\org\jetbrains\kotlin\kotlin-stdlib-common\1.9.10\kotlin-stdlib-common-1.9.10.jar;C:\Users\SõregiKrisztián\.m2\repository\org\jetbrains\kotlin\kotlin-stdlib-jdk8\1.8.21\kotlin-stdlib-jdk8-1.8.21.jar;C:\Users\SõregiKrisztián\.m2\repository\org\jetbrains\kotlin\kotlin-stdlib\1.8.21\kotlin-stdlib-1.8.21.jar;C:\Users\SõregiKrisztián\.m2\repository\org\jetbrains\annotations\13.0\annotations-13.0.jar;C:\Users\SõregiKrisztián\.m2\repository\org\jetbrains\kotlin\kotlin-stdlib-jdk7\1.8.21\kotlin-stdlib-jdk7-1.8.21.jar
Launcher Type: SUN_STANDARD

[Global flags]
     intx CICompilerCount                          = 12                                        {product} {ergonomic}
     uint ConcGCThreads                            = 4                                         {product} {ergonomic}
     uint G1ConcRefinementThreads                  = 15                                        {product} {ergonomic}
   size_t G1HeapRegionSize                         = 2097152                                   {product} {ergonomic}
   size_t InitialHeapSize                          = 266338304                                 {product} {ergonomic}
   size_t MarkStackSize                            = 4194304                                   {product} {ergonomic}
   size_t MaxHeapSize                              = 4234149888                                {product} {ergonomic}
   size_t MaxNewSize                               = 2539651072                                {product} {ergonomic}
   size_t MinHeapDeltaBytes                        = 2097152                                   {product} {ergonomic}
   size_t MinHeapSize                              = 8388608                                   {product} {ergonomic}
    uintx NonNMethodCodeHeapSize                   = 7602480                                {pd product} {ergonomic}
    uintx NonProfiledCodeHeapSize                  = 122027880                              {pd product} {ergonomic}
    uintx ProfiledCodeHeapSize                     = 122027880                              {pd product} {ergonomic}
    uintx ReservedCodeCacheSize                    = 251658240                              {pd product} {ergonomic}
     bool SegmentedCodeCache                       = true                                      {product} {ergonomic}
   size_t SoftMaxHeapSize                          = 4234149888                             {manageable} {ergonomic}
     bool UseCompressedOops                        = true                           {product lp64_product} {ergonomic}
     bool UseG1GC                                  = true                                      {product} {ergonomic}
     bool UseLargePagesIndividualAllocation        = false                                  {pd product} {ergonomic}

Logging:
Log output configuration:
 #0: stdout all=warning uptime,level,tags foldmultilines=false
 #1: stderr all=off uptime,level,tags foldmultilines=false

Environment Variables:
PATH=C:\Program Files (x86)\Common Files\Oracle\Java\javapath;C:\app\client\localadmin\product\12.1.0\client_1\bin;C:\app\localadmin\product\11.2.0\client_1\bin;C:\app\client\user1\product\12.1.0\client_1\bin;C:\ProgramData\Oracle\Java\javapath;C:\Windows\System32;C:\Windows;C:\Windows\System32\wbem;C:\Windows\System32\WindowsPowerShell\v1.0\;C:\Program Files (x86)\Microsoft SQL Server\Client SDK\ODBC\130\Tools\Binn\;C:\Program Files (x86)\Microsoft SQL Server\130\Tools\Binn\;C:\Program Files (x86)\Microsoft SQL Server\130\DTS\Binn\;C:\Program Files (x86)\Microsoft SQL Server\130\Tools\Binn\ManagementStudio\;C:\Program Files\TortoiseSVN\bin;C:\Windows\System32\OpenSSH\;C:\WINDOWS\system32;C:\WINDOWS;C:\WINDOWS\System32\Wbem;C:\WINDOWS\System32\WindowsPowerShell\v1.0\;C:\WINDOWS\System32\OpenSSH\;C:\Users\SõregiKrisztián\AppData\Local\Microsoft\WindowsApps;;C:\Users\SõregiKrisztián\AppData\Local\JetBrains\IntelliJ IDEA 2023.3.6\bin;;C:\Users\SõregiKrisztián\AppData\Local\JetBrains\IntelliJ IDEA Community Edition 2023.3.6\bin;
USERNAME=SõregiKrisztián
OS=Windows_NT
PROCESSOR_IDENTIFIER=Intel64 Family 6 Model 151 Stepping 2, GenuineIntel
TMP=C:\Users\SREGIK~1\AppData\Local\Temp
TEMP=C:\Users\SREGIK~1\AppData\Local\Temp




Periodic native trim disabled

---------------  S Y S T E M  ---------------

OS:
 Windows 10 , 64 bit Build 19041 (10.0.19041.5438)
OS uptime: 47 days 17:17 hours

CPU: total 20 (initial active 20) (10 cores per cpu, 2 threads per core) family 6 model 151 stepping 2 microcode 0x2e, cx8, cmov, fxsr, ht, mmx, 3dnowpref, sse, sse2, sse3, ssse3, sse4.1, sse4.2, popcnt, lzcnt, tsc, tscinvbit, avx, avx2, aes, erms, clmul, bmi1, bmi2, adx, sha, fma, vzeroupper, clflush, clflushopt, clwb, serialize, rdtscp, rdpid, fsrm, f16c, pku, cet_ibt, cet_ss
Processor Information for all 20 processors :
  Max Mhz: 2100, Current Mhz: 2100, Mhz Limit: 2100

Memory: 4k page, system-wide physical 16151M (1392M free)
TotalPageFile size 45557M (AvailPageFile size 5M)
current process WorkingSet (physical memory assigned to process): 177M, peak: 185M
current process commit charge ("private bytes"): 245M, peak: 423M

vm_info: OpenJDK 64-Bit Server VM (22+36-2370) for windows-amd64 JRE (22+36-2370), built on 2024-02-15T22:15:19Z by "mach5one" with MS VC++ 17.6 (VS2022)

END.
