#
# There is insufficient memory for the Java Runtime Environment to continue.
# Native memory allocation (mmap) failed to map 266338304 bytes. Error detail: G1 virtual space
# Possible reasons:
#   The system is out of physical RAM or swap space
#   This process is running with CompressedOops enabled, and the Java Heap may be blocking the growth of the native heap
# Possible solutions:
#   Reduce memory load on the system
#   Increase physical memory or swap space
#   Check if swap backing store is full
#   Decrease Java heap size (-Xmx/-Xms)
#   Decrease number of Java threads
#   Decrease Java thread stack sizes (-Xss)
#   Set larger code cache with -XX:ReservedCodeCacheSize=
#   JVM is running with Zero Based Compressed Oops mode in which the Java heap is
#     placed in the first 32GB address space. The Java Heap base address is the
#     maximum limit for the native heap growth. Please use -XX:HeapBaseMinAddress
#     to set the Java Heap base and to place the Java Heap above 32GB virtual address.
# This output file may be truncated or incomplete.
#
#  Out of Memory Error (os_windows.cpp:3631), pid=45760, tid=42920
#
# JRE version:  (22.0+36) (build )
# Java VM: OpenJDK 64-Bit Server VM (22+36-2370, mixed mode, sharing, tiered, compressed oops, compressed class ptrs, g1 gc, windows-amd64)
# No core dump will be written. Minidumps are not enabled by default on client versions of Windows
#

---------------  S U M M A R Y ------------

Command Line: -ea --enable-preview -Dallure.results.directory=C:\Users\SõregiKrisztián\IdeaProjects\watbefore_secondhand\target/allure-results -Didea.test.cyclic.buffer.size=1048576 -javaagent:C:\Users\SõregiKrisztián\AppData\Local\JetBrains\IntelliJ IDEA Community Edition 2023.3.6\lib\idea_rt.jar=59245:C:\Users\SõregiKrisztián\AppData\Local\JetBrains\IntelliJ IDEA Community Edition 2023.3.6\bin -Dfile.encoding=UTF-8 -Dsun.stdout.encoding=UTF-8 -Dsun.stderr.encoding=UTF-8 com.intellij.rt.junit.JUnitStarter -ideVersion5 -junit4 tests.qa2pl.login.QA2PLIN,testLandingTransactionPopupQA2PL

Host: 12th Gen Intel(R) Core(TM) i7-12700, 20 cores, 15G,  Windows 10 , 64 bit Build 19041 (10.0.19041.3636)
Time: Thu Dec  5 14:20:25 2024 Közép-európai téli idBuild 19041 (10.0.19041.3636) elapsed time: 0.005873 seconds (0d 0h 0m 0s)

---------------  T H R E A D  ---------------

Current thread (0x0000014656572180):  JavaThread "Unknown thread" [_thread_in_vm, id=42920, stack(0x0000001223300000,0x0000001223400000) (1024K)]

Stack: [0x0000001223300000,0x0000001223400000]
Native frames: (J=compiled Java code, j=interpreted, Vv=VM code, C=native code)
V  [jvm.dll+0x6e2349]  (no source info available)
V  [jvm.dll+0x874ed3]  (no source info available)
V  [jvm.dll+0x8772fe]  (no source info available)
V  [jvm.dll+0x8779d3]  (no source info available)
V  [jvm.dll+0x27fcb6]  (no source info available)
V  [jvm.dll+0x6de9e5]  (no source info available)
V  [jvm.dll+0x6d34ea]  (no source info available)
V  [jvm.dll+0x35892a]  (no source info available)
V  [jvm.dll+0x360e56]  (no source info available)
V  [jvm.dll+0x3b3d7e]  (no source info available)
V  [jvm.dll+0x3b4028]  (no source info available)
V  [jvm.dll+0x32c4ec]  (no source info available)
V  [jvm.dll+0x32d0a8]  (no source info available)
V  [jvm.dll+0x83cd9c]  (no source info available)
V  [jvm.dll+0x3c0cc1]  (no source info available)
V  [jvm.dll+0x825d8c]  (no source info available)
V  [jvm.dll+0x45b9ee]  (no source info available)
V  [jvm.dll+0x45d871]  (no source info available)
C  [jli.dll+0x52a3]  (no source info available)
C  [ucrtbase.dll+0x21bb2]  (no source info available)
C  [KERNEL32.DLL+0x17344]  (no source info available)
C  [ntdll.dll+0x526b1]  (no source info available)


---------------  P R O C E S S  ---------------

Threads class SMR info:
_java_thread_list=0x00007ff81c06c1c8, length=0, elements={
}

Java Threads: ( => current thread )
Total: 0

Other Threads:
  0x00000146565dcc40 WorkerThread "GC Thread#0"                     [id=70376, stack(0x0000001223400000,0x0000001223500000) (1024K)]
  0x00000146565ed940 ConcurrentGCThread "G1 Main Marker"            [id=23200, stack(0x0000001223500000,0x0000001223600000) (1024K)]
  0x00000146565ee360 WorkerThread "G1 Conc#0"                       [id=40164, stack(0x0000001223600000,0x0000001223700000) (1024K)]

[error occurred during error reporting (printing all threads), id 0xc0000005, EXCEPTION_ACCESS_VIOLATION (0xc0000005) at pc=0x00007ff81b7bf2b7]
VM state: not at safepoint (not fully initialized)

VM Mutex/Monitor currently owned by a thread:  ([mutex/lock_event])
[0x00007ff81c0eccc8] Heap_lock - owner thread: 0x0000014656572180

Heap address: 0x0000000703a00000, size: 4038 MB, Compressed Oops mode: Zero based, Oop shift amount: 3

CDS archive(s) mapped at: [0x0000000000000000-0x0000000000000000-0x0000000000000000), size 0, SharedBaseAddress: 0x0000000800000000, ArchiveRelocationMode: 1.
Narrow klass base: 0x0000000000000000, Narrow klass shift: 0, Narrow klass range: 0x0

GC Precious Log:
 CardTable entry size: 512
 Card Set container configuration: InlinePtr #cards 4 size 8 Array Of Cards #cards 16 size 48 Howl #buckets 8 coarsen threshold 3686 Howl Bitmap #cards 512 size 80 coarsen threshold 460 Card regions per heap region 1 cards per card region 4096

Heap:
 garbage-first heap   total reserved 4134912K, committed 0K, used 0K [0x0000000703a00000, 0x0000000800000000)
  region size 2048K, 0 young (0K), 0 survivors (0K)

[error occurred during error reporting (printing heap information), id 0xc0000005, EXCEPTION_ACCESS_VIOLATION (0xc0000005) at pc=0x00007ff81bbbe4e9]
GC Heap History (0 events):
No events

Dll operation events (1 events):
Event: 0.004 Loaded shared library C:\Users\SõregiKrisztián\.jdks\openjdk-22\bin\java.dll

Deoptimization events (0 events):
No events

Classes loaded (0 events):
No events

Classes unloaded (0 events):
No events

Classes redefined (0 events):
No events

Internal exceptions (0 events):
No events

ZGC Phase Switch (0 events):
No events

VM Operations (0 events):
No events

Events (0 events):
No events


Dynamic libraries:
0x00007ff60b230000 - 0x00007ff60b23e000 	C:\Users\SõregiKrisztián\.jdks\openjdk-22\bin\java.exe
0x00007ff8ae9d0000 - 0x00007ff8aebc8000 	C:\WINDOWS\SYSTEM32\ntdll.dll
0x00007ff8ae150000 - 0x00007ff8ae20d000 	C:\WINDOWS\System32\KERNEL32.DLL
0x00007ff8ac0b0000 - 0x00007ff8ac3a6000 	C:\WINDOWS\System32\KERNELBASE.dll
0x00007ff8ac730000 - 0x00007ff8ac830000 	C:\WINDOWS\System32\ucrtbase.dll
0x00007ff89e9e0000 - 0x00007ff89e9fb000 	C:\Users\SõregiKrisztián\.jdks\openjdk-22\bin\VCRUNTIME140.dll
0x00007ff89e570000 - 0x00007ff89e587000 	C:\Users\SõregiKrisztián\.jdks\openjdk-22\bin\jli.dll
0x00007ff8acc30000 - 0x00007ff8acdcf000 	C:\WINDOWS\System32\USER32.dll
0x00007ff8ac700000 - 0x00007ff8ac722000 	C:\WINDOWS\System32\win32u.dll
0x00007ff899c90000 - 0x00007ff899f2a000 	C:\WINDOWS\WinSxS\amd64_microsoft.windows.common-controls_6595b64144ccf1df_6.0.19041.4355_none_60b8b9eb71f62e16\COMCTL32.dll
0x00007ff8aca00000 - 0x00007ff8aca2b000 	C:\WINDOWS\System32\GDI32.dll
0x00007ff8ae210000 - 0x00007ff8ae2ae000 	C:\WINDOWS\System32\msvcrt.dll
0x00007ff8ac830000 - 0x00007ff8ac947000 	C:\WINDOWS\System32\gdi32full.dll
0x00007ff8ac400000 - 0x00007ff8ac49d000 	C:\WINDOWS\System32\msvcp_win.dll
0x00007ff8ae7e0000 - 0x00007ff8ae812000 	C:\WINDOWS\System32\IMM32.DLL
0x00007ff8a05b0000 - 0x00007ff8a05bc000 	C:\Users\SõregiKrisztián\.jdks\openjdk-22\bin\vcruntime140_1.dll
0x00007ff8912d0000 - 0x00007ff89135e000 	C:\Users\SõregiKrisztián\.jdks\openjdk-22\bin\msvcp140.dll
0x00007ff81b480000 - 0x00007ff81c1c8000 	C:\Users\SõregiKrisztián\.jdks\openjdk-22\bin\server\jvm.dll
0x00007ff8acea0000 - 0x00007ff8acf50000 	C:\WINDOWS\System32\ADVAPI32.dll
0x00007ff8ae740000 - 0x00007ff8ae7e0000 	C:\WINDOWS\System32\sechost.dll
0x00007ff8ae610000 - 0x00007ff8ae733000 	C:\WINDOWS\System32\RPCRT4.dll
0x00007ff8ac080000 - 0x00007ff8ac0a7000 	C:\WINDOWS\System32\bcrypt.dll
0x00007ff8ace30000 - 0x00007ff8ace9b000 	C:\WINDOWS\System32\WS2_32.dll
0x00007ff8ab5b0000 - 0x00007ff8ab5fb000 	C:\WINDOWS\SYSTEM32\POWRPROF.dll
0x00007ff8a4a90000 - 0x00007ff8a4a9a000 	C:\WINDOWS\SYSTEM32\VERSION.dll
0x00007ff89db70000 - 0x00007ff89db97000 	C:\WINDOWS\SYSTEM32\WINMM.dll
0x00007ff8ab470000 - 0x00007ff8ab482000 	C:\WINDOWS\SYSTEM32\UMPDC.dll
0x00007ff8aa810000 - 0x00007ff8aa822000 	C:\WINDOWS\SYSTEM32\kernel.appcore.dll
0x00007ff8a0440000 - 0x00007ff8a044a000 	C:\Users\SõregiKrisztián\.jdks\openjdk-22\bin\jimage.dll
0x00007ff8a39f0000 - 0x00007ff8a3bd4000 	C:\WINDOWS\SYSTEM32\DBGHELP.DLL
0x00007ff8a3660000 - 0x00007ff8a3694000 	C:\WINDOWS\SYSTEM32\dbgcore.DLL
0x00007ff8ac670000 - 0x00007ff8ac6f2000 	C:\WINDOWS\System32\bcryptPrimitives.dll
0x00007ff89fa50000 - 0x00007ff89fa5f000 	C:\Users\SõregiKrisztián\.jdks\openjdk-22\bin\instrument.dll
0x00007ff898010000 - 0x00007ff89802e000 	C:\Users\SõregiKrisztián\.jdks\openjdk-22\bin\java.dll
0x00007ff8ad7f0000 - 0x00007ff8adf5b000 	C:\WINDOWS\System32\SHELL32.dll
0x00007ff8ae020000 - 0x00007ff8ae14b000 	C:\WINDOWS\System32\ole32.dll
0x00007ff8ae2b0000 - 0x00007ff8ae603000 	C:\WINDOWS\System32\combase.dll

dbghelp: loaded successfully - version: 4.0.5 - missing functions: none
symbol engine: initialized successfully - sym options: 0x614 - pdb path: .;C:\Users\SõregiKrisztián\.jdks\openjdk-22\bin;C:\WINDOWS\SYSTEM32;C:\WINDOWS\WinSxS\amd64_microsoft.windows.common-controls_6595b64144ccf1df_6.0.19041.4355_none_60b8b9eb71f62e16;C:\Users\SõregiKrisztián\.jdks\openjdk-22\bin\server

VM Arguments:
jvm_args: -ea --enable-preview -Dallure.results.directory=C:\Users\SõregiKrisztián\IdeaProjects\watbefore_secondhand\target/allure-results -Didea.test.cyclic.buffer.size=1048576 -javaagent:C:\Users\SõregiKrisztián\AppData\Local\JetBrains\IntelliJ IDEA Community Edition 2023.3.6\lib\idea_rt.jar=59245:C:\Users\SõregiKrisztián\AppData\Local\JetBrains\IntelliJ IDEA Community Edition 2023.3.6\bin -Dfile.encoding=UTF-8 -Dsun.stdout.encoding=UTF-8 -Dsun.stderr.encoding=UTF-8 
java_command: com.intellij.rt.junit.JUnitStarter -ideVersion5 -junit4 tests.qa2pl.login.QA2PLIN,testLandingTransactionPopupQA2PL
java_class_path (initial): C:\Users\SõregiKrisztián\AppData\Local\JetBrains\IntelliJ IDEA Community Edition 2023.3.6\lib\idea_rt.jar;C:\Users\SõregiKrisztián\AppData\Local\JetBrains\IntelliJ IDEA Community Edition 2023.3.6\plugins\junit\lib\junit5-rt.jar;C:\Users\SõregiKrisztián\AppData\Local\JetBrains\IntelliJ IDEA Community Edition 2023.3.6\plugins\junit\lib\junit-rt.jar;C:\Users\SõregiKrisztián\IdeaProjects\watbefore_secondhand\target\test-classes;C:\Users\SõregiKrisztián\IdeaProjects\watbefore_secondhand\target\classes;C:\Users\SõregiKrisztián\.m2\repository\org\junit\jupiter\junit-jupiter-params\5.10.0\junit-jupiter-params-5.10.0.jar;C:\Users\SõregiKrisztián\.m2\repository\org\apiguardian\apiguardian-api\1.1.2\apiguardian-api-1.1.2.jar;C:\Users\SõregiKrisztián\.m2\repository\org\junit\jupiter\junit-jupiter-engine\5.11.1\junit-jupiter-engine-5.11.1.jar;C:\Users\SõregiKrisztián\.m2\repository\org\junit\platform\junit-platform-engine\1.11.1\junit-platform-engine-1.11.1.jar;C:\Users\SõregiKrisztián\.m2\repository\org\junit\platform\junit-platform-suite-api\1.11.1\junit-platform-suite-api-1.11.1.jar;C:\Users\SõregiKrisztián\.m2\repository\org\junit\platform\junit-platform-commons\1.11.1\junit-platform-commons-1.11.1.jar;C:\Users\SõregiKrisztián\.m2\repository\org\junit\jupiter\junit-jupiter-api\5.11.1\junit-jupiter-api-5.11.1.jar;C:\Users\SõregiKrisztián\.m2\repository\org\opentest4j\opentest4j\1.3.0\opentest4j-1.3.0.jar;C:\Users\SõregiKrisztián\.m2\repository\org\json\json\20230618\json-20230618.jar;C:\Users\SõregiKrisztián\.m2\repository\io\cucumber\cucumber-java\7.18.0\cucumber-java-7.18.0.jar;C:\Users\SõregiKrisztián\.m2\repository\io\cucumber\cucumber-core\7.18.0\cucumber-core-7.18.0.jar;C:\Users\SõregiKrisztián\.m2\repository\io\cucumber\cucumber-gherkin\7.18.0\cucumber-gherkin-7.18.0.jar;C:\Users\SõregiKrisztián\.m2\repository\io\cucumber\cucumber-gherkin-messages\7.18.0\cucumber-gherkin-messages-7.18.0.jar;C:\Users\SõregiKrisztián\.m2\repository\io\cucumber\gherkin\28.0.0\gherkin-28.0.0.jar;C:\Users\SõregiKrisztián\.m2\repository\io\cucumber\messages\24.1.0\messages-24.1.0.jar;C:\Users\SõregiKrisztián\.m2\repository\io\cucumber\testng-xml-formatter\0.1.0\testng-xml-formatter-0.1.0.jar;C:\Users\SõregiKrisztián\.m2\repository\io\cucumber\query\12.2.0\query-12.2.0.jar;C:\Users\SõregiKrisztián\.m2\repository\io\cucumber\tag-expressions\6.1.0\tag-expressions-6.1.0.jar;C:\Users\SõregiKrisztián\.m2\repository\io\cucumber\cucumber-expressions\17.1.0\cucumber-expressions-17.1.0.jar;C:\Users\SõregiKrisztián\.m2\repository\io\cucumber\datatable\7.18.0\datatable-7.18.0.jar;C:\Users\SõregiKrisztián\.m2\repository\io\cucumber\cucumber-plugin\7.18.0\cucumber-plugin-7.18.0.jar;C:\Users\SõregiKrisztián\.m2\repository\io\cucumber\docstring\7.18.0\docstring-7.18.0.jar;C:\Users\SõregiKrisztián\.m2\repository\io\cucumber\html-formatter\21.3.1\html-formatter-21.3.1.jar;C:\Users\SõregiKrisztián\.m2\repository\io\cucumber\junit-xml-formatter\0.4.0\junit-xml-formatter-0.4.0.jar;C:\Users\SõregiKrisztián\.m2\repository\io\cucumber\ci-environment\10.0.1\ci-environment-10.0.1.jar;C:\Users\SõregiKrisztián\.m2\repository\io\qameta\allure\allure-junit4\2.14.0\allure-junit4-2.14.0.jar;C:\Users\SõregiKrisztián\.m2\repository\io\qameta\allure\allure-java-commons\2.14.0\allure-java-commons-2.14.0.jar;C:\Users\SõregiKrisztián\.m2\repository\io\qameta\allure\allure-model\2.14.0\allure-model-2.14.0.jar;C:\Users\SõregiKrisztián\.m2\repository\com\fasterxml\jackson\core\jackson-databind\2.12.3\jackson-databind-2.12.3.jar;C:\Users\SõregiKrisztián\.m2\repository\com\fasterxml\jackson\core\jackson-annotations\2.12.3\jackson-annotations-2.12.3.jar;C:\Users\SõregiKrisztián\.m2\repository\com\fasterxml\jackson\core\jackson-core\2.12.3\jackson-core-2.12.3.jar;C:\Users\SõregiKrisztián\.m2\repository\org\apache\tika\tika-core\1.26\tika-core-1.26.jar;C:\Users\SõregiKrisztián\.m2\repository\javax\xml\bind\jaxb-api\2.3.1\jaxb-api-2.3.1.jar;C:\Users\SõregiKrisztián\.m2\repository\javax\activation\javax.activation-api\1.2.0\javax.activation-api-1.2.0.jar;C:\Users\SõregiKrisztián\.m2\repository\javax\activation\activation\1.1.1\activation-1.1.1.jar;C:\Users\SõregiKrisztián\.m2\repository\org\jooq\joor-java-8\0.9.14\joor-java-8-0.9.14.jar;C:\Users\SõregiKrisztián\.m2\repository\com\sun\activation\javax.activation\1.2.0\javax.activation-1.2.0.jar;C:\Users\SõregiKrisztián\.m2\repository\org\apache\xmlgraphics\batik-transcoder\1.14\batik-transcoder-1.14.jar;C:\Users\SõregiKrisztián\.m2\repository\org\apache\xmlgraphics\batik-anim\1.14\batik-anim-1.14.jar;C:\Users\SõregiKrisztián\.m2\repository\org\apache\xmlgraphics\batik-css\1.14\batik-css-1.14.jar;C:\Users\SõregiKrisztián\.m2\repository\org\apache\xmlgraphics\batik-ext\1.14\batik-ext-1.14.jar;C:\Users\SõregiKrisztián\.m2\repository\org\apache\xmlgraphics\batik-parser\1.14\batik-parser-1.14.jar;C:\Users\SõregiKrisztián\.m2\repository\org\apache\xmlgraphics\batik-svg-dom\1.14\batik-svg-dom-1.14.jar;C:\Users\SõregiKrisztián\.m2\repository\org\apache\xmlgraphics\batik-awt-util\1.14\batik-awt-util-1.14.jar;C:\Users\SõregiKrisztián\.m2\repository\org\apache\xmlgraphics\xmlgraphics-commons\2.6\xmlgraphics-commons-2.6.jar;C:\Users\SõregiKrisztián\.m2\repository\org\apache\xmlgraphics\batik-bridge\1.14\batik-bridge-1.14.jar;C:\Users\SõregiKrisztián\.m2\repository\org\apache\xmlgraphics\batik-script\1.14\batik-script-1.14.jar;C:\Users\SõregiKrisztián\.m2\repository\org\apache\xmlgraphics\batik-dom\1.14\batik-dom-1.14.jar;C:\Users\SõregiKrisztián\.m2\repository\xalan\xalan\2.7.2\xalan-2.7.2.jar;C:\Users\SõregiKrisztián\.m2\repository\xalan\serializer\2.7.2\serializer-2.7.2.jar;C:\Users\SõregiKrisztián\.m2\repository\xml-apis\xml-apis\1.4.01\xml-apis-1.4.01.jar;C:\Users\SõregiKrisztián\.m2\repository\org\apache\xmlgraphics\batik-gvt\1.14\batik-gvt-1.14.jar;C:\Users\SõregiKrisztián\.m2\repository\org\apache\xmlgraphics\batik-shared-resources\1.14\batik-shared-resources-1.14.jar;C:\Users\SõregiKrisztián\.m2\repository\org\apache\xmlgraphics\batik-svggen\1.14\batik-svggen-1.14.jar;C:\Users\SõregiKrisztián\.m2\repository\org\apache\xmlgraphics\batik-util\1.14\batik-util-1.14.jar;C:\Users\SõregiKrisztián\.m2\repository\org\apache\xmlgraphics\batik-constants\1.14\batik-constants-1.14.jar;C:\Users\SõregiKrisztián\.m2\repository\org\apache\xmlgraphics\batik-i18n\1.14\batik-i18n-1.14.jar;C:\Users\SõregiKrisztián\.m2\repository\org\apache\xmlgraphics\batik-xml\1.14\batik-xml-1.14.jar;C:\Users\SõregiKrisztián\.m2\repository\xml-apis\xml-apis-ext\1.3.04\xml-apis-ext-1.3.04.jar;C:\Users\SõregiKrisztián\.m2\repository\org\apache\xmlgraphics\batik-codec\1.14\batik-codec-1.14.jar;C:\Users\SõregiKrisztián\.m2\repository\io\rest-assured\json-schema-validator\5.4.0\json-schema-validator-5.4.0.jar;C:\Users\SõregiKrisztián\.m2\repository\com\github\java-json-tools\json-schema-validator\2.2.14\json-schema-validator-2.2.14.jar;C:\Users\SõregiKrisztián\.m2\repository\com\github\java-json-tools\jackson-coreutils-equivalence\1.0\jackson-coreutils-equivalence-1.0.jar;C:\Users\SõregiKrisztián\.m2\repository\com\github\java-json-tools\jackson-coreutils\2.0\jackson-coreutils-2.0.jar;C:\Users\SõregiKrisztián\.m2\repository\com\github\java-json-tools\msg-simple\1.2\msg-simple-1.2.jar;C:\Users\SõregiKrisztián\.m2\repository\com\github\java-json-tools\btf\1.3\btf-1.3.jar;C:\Users\SõregiKrisztián\.m2\repository\com\github\java-json-tools\json-schema-core\1.2.14\json-schema-core-1.2.14.jar;C:\Users\SõregiKrisztián\.m2\repository\com\github\java-json-tools\uri-template\0.10\uri-template-0.10.jar;C:\Users\SõregiKrisztián\.m2\repository\org\mozilla\rhino\1.7.7.2\rhino-1.7.7.2.jar;C:\Users\SõregiKrisztián\.m2\repository\com\sun\mail\mailapi\1.6.2\mailapi-1.6.2.jar;C:\Users\SõregiKrisztián\.m2\repository\joda-time\joda-time\2.10.5\joda-time-2.10.5.jar;C:\Users\SõregiKrisztián\.m2\repository\com\googlecode\libphonenumber\libphonenumber\8.11.1\libphonenumber-8.11.1.jar;C:\Users\SõregiKrisztián\.m2\repository\com\google\code\findbugs\jsr305\3.0.2\jsr305-3.0.2.jar;C:\Users\SõregiKrisztián\.m2\repository\net\sf\jopt-simple\jopt-simple\5.0.4\jopt-simple-5.0.4.jar;C:\Users\SõregiKrisztián\.m2\repository\com\google\guava\guava\32.0.1-jre\guava-32.0.1-jre.jar;C:\Users\SõregiKrisztián\.m2\repository\com\google\guava\failureaccess\1.0.1\failureaccess-1.0.1.jar;C:\Users\SõregiKrisztián\.m2\repository\com\google\guava\listenablefuture\9999.0-empty-to-avoid-conflict-with-guava\listenablefuture-9999.0-empty-to-avoid-conflict-with-guava.jar;C:\Users\SõregiKrisztián\.m2\repository\org\checkerframework\checker-qual\3.33.0\checker-qual-3.33.0.jar;C:\Users\SõregiKrisztián\.m2\repository\com\google\errorprone\error_prone_annotations\2.18.0\error_prone_annotations-2.18.0.jar;C:\Users\SõregiKrisztián\.m2\repository\com\google\j2objc\j2objc-annotations\2.8\j2objc-annotations-2.8.jar;C:\Users\SõregiKrisztián\.m2\repository\org\hamcrest\hamcrest\2.2\hamcrest-2.2.jar;C:\Users\SõregiKrisztián\.m2\repository\io\rest-assured\json-path\5.4.0\json-path-5.4.0.jar;C:\Users\SõregiKrisztián\.m2\repository\org\apache\groovy\groovy-json\4.0.16\groovy-json-4.0.16.jar;C:\Users\SõregiKrisztián\.m2\repository\org\apache\groovy\groovy\4.0.16\groovy-4.0.16.jar;C:\Users\SõregiKrisztián\.m2\repository\io\rest-assured\rest-assured-common\5.4.0\rest-assured-common-5.4.0.jar;C:\Users\SõregiKrisztián\.m2\repository\io\rest-assured\rest-assured\5.4.0\rest-assured-5.4.0.jar;C:\Users\SõregiKrisztián\.m2\repository\org\apache\groovy\groovy-xml\4.0.16\groovy-xml-4.0.16.jar;C:\Users\SõregiKrisztián\.m2\repository\org\apache\httpcomponents\httpclient\4.5.13\httpclient-4.5.13.jar;C:\Users\SõregiKrisztián\.m2\repository\org\apache\httpcomponents\httpcore\4.4.13\httpcore-4.4.13.jar;C:\Users\SõregiKrisztián\.m2\repository\commons-logging\commons-logging\1.2\commons-logging-1.2.jar;C:\Users\SõregiKrisztián\.m2\repository\commons-codec\commons-codec\1.11\commons-codec-1.11.jar;C:\Users\SõregiKrisztián\.m2\repository\org\apache\httpcomponents\httpmime\4.5.13\httpmime-4.5.13.jar;C:\Users\SõregiKrisztián\.m2\repository\org\ccil\cowan\tagsoup\tagsoup\1.2.1\tagsoup-1.2.1.jar;C:\Users\SõregiKrisztián\.m2\repository\io\rest-assured\xml-path\5.4.0\xml-path-5.4.0.jar;C:\Users\SõregiKrisztián\.m2\repository\org\jfree\jfreechart\1.5.4\jfreechart-1.5.4.jar;C:\Users\SõregiKrisztián\.m2\repository\junit\junit\4.13\junit-4.13.jar;C:\Users\SõregiKrisztián\.m2\repository\org\hamcrest\hamcrest-core\1.3\hamcrest-core-1.3.jar;C:\Users\SõregiKrisztián\.m2\repository\io\quarkus\quarkus-junit5\3.10.0\quarkus-junit5-3.10.0.jar;C:\Users\SõregiKrisztián\.m2\repository\io\quarkus\quarkus-bootstrap-core\3.10.0\quarkus-bootstrap-core-3.10.0.jar;C:\Users\SõregiKrisztián\.m2\repository\io\quarkus\quarkus-bootstrap-app-model\3.10.0\quarkus-bootstrap-app-model-3.10.0.jar;C:\Users\SõregiKrisztián\.m2\repository\io\smallrye\common\smallrye-common-io\2.3.0\smallrye-common-io-2.3.0.jar;C:\Users\SõregiKrisztián\.m2\repository\org\eclipse\sisu\org.eclipse.sisu.inject\0.9.0.M2\org.eclipse.sisu.inject-0.9.0.M2.jar;C:\Users\SõregiKrisztián\.m2\repository\io\quarkus\quarkus-test-common\3.10.0\quarkus-test-common-3.10.0.jar;C:\Users\SõregiKrisztián\.m2\repository\io\quarkus\quarkus-core-deployment\3.10.0\quarkus-core-deployment-3.10.0.jar;C:\Users\SõregiKrisztián\.m2\repository\org\aesh\readline\2.4\readline-2.4.jar;C:\Users\SõregiKrisztián\.m2\repository\org\fusesource\jansi\jansi\2.4.0\jansi-2.4.0.jar;C:\Users\SõregiKrisztián\.m2\repository\org\aesh\aesh\2.7\aesh-2.7.jar;C:\Users\SõregiKrisztián\.m2\repository\io\quarkus\gizmo\gizmo\1.8.0\gizmo-1.8.0.jar;C:\Users\SõregiKrisztián\.m2\repository\org\ow2\asm\asm-util\9.6\asm-util-9.6.jar;C:\Users\SõregiKrisztián\.m2\repository\org\ow2\asm\asm-analysis\9.6\asm-analysis-9.6.jar;C:\Users\SõregiKrisztián\.m2\repository\org\ow2\asm\asm\9.7\asm-9.7.jar;C:\Users\SõregiKrisztián\.m2\repository\org\ow2\asm\asm-commons\9.7\asm-commons-9.7.jar;C:\Users\SõregiKrisztián\.m2\repository\org\ow2\asm\asm-tree\9.7\asm-tree-9.7.jar;C:\Users\SõregiKrisztián\.m2\repository\io\quarkus\quarkus-class-change-agent\3.10.0\quarkus-class-change-agent-3.10.0.jar;C:\Users\SõregiKrisztián\.m2\repository\io\quarkus\quarkus-devtools-utilities\3.10.0\quarkus-devtools-utilities-3.10.0.jar;C:\Users\SõregiKrisztián\.m2\repository\io\quarkus\quarkus-builder\3.10.0\quarkus-builder-3.10.0.jar;C:\Users\SõregiKrisztián\.m2\repository\org\graalvm\sdk\nativeimage\23.1.2\nativeimage-23.1.2.jar;C:\Users\SõregiKrisztián\.m2\repository\org\graalvm\sdk\word\23.1.2\word-23.1.2.jar;C:\Users\SõregiKrisztián\.m2\repository\org\junit\platform\junit-platform-launcher\1.10.2\junit-platform-launcher-1.10.2.jar;C:\Users\SõregiKrisztián\.m2\repository\io\quarkus\quarkus-bootstrap-maven-resolver\3.10.0\quarkus-bootstrap-maven-resolver-3.10.0.jar;C:\Users\SõregiKrisztián\.m2\repository\io\smallrye\beanbag\smallrye-beanbag-maven\1.4.1\smallrye-beanbag-maven-1.4.1.jar;C:\Users\SõregiKrisztián\.m2\repository\io\smallrye\beanbag\smallrye-beanbag-sisu\1.4.1\smallrye-beanbag-sisu-1.4.1.jar;C:\Users\SõregiKrisztián\.m2\repository\io\smallrye\beanbag\smallrye-beanbag\1.4.1\smallrye-beanbag-1.4.1.jar;C:\Users\SõregiKrisztián\.m2\repository\javax\inject\javax.inject\1\javax.inject-1.jar;C:\Users\SõregiKrisztián\.m2\repository\org\apache\maven\maven-artifact\3.9.6\maven-artifact-3.9.6.jar;C:\Users\SõregiKrisztián\.m2\repository\org\apache\maven\maven-builder-support\3.9.6\maven-builder-support-3.9.6.jar;C:\Users\SõregiKrisztián\.m2\repository\org\apache\maven\maven-model\3.9.6\maven-model-3.9.6.jar;C:\Users\SõregiKrisztián\.m2\repository\org\apache\maven\maven-model-builder\3.9.6\maven-model-builder-3.9.6.jar;C:\Users\SõregiKrisztián\.m2\repository\org\apache\maven\maven-repository-metadata\3.9.6\maven-repository-metadata-3.9.6.jar;C:\Users\SõregiKrisztián\.m2\repository\org\apache\maven\maven-settings\3.9.6\maven-settings-3.9.6.jar;C:\Users\SõregiKrisztián\.m2\repository\org\apache\maven\resolver\maven-resolver-api\1.9.18\maven-resolver-api-1.9.18.jar;C:\Users\SõregiKrisztián\.m2\repository\org\apache\maven\resolver\maven-resolver-impl\1.9.18\maven-resolver-impl-1.9.18.jar;C:\Users\SõregiKrisztián\.m2\repository\org\apache\maven\resolver\maven-resolver-named-locks\1.9.18\maven-resolver-named-locks-1.9.18.jar;C:\Users\SõregiKrisztián\.m2\repository\org\apache\maven\resolver\maven-resolver-spi\1.9.18\maven-resolver-spi-1.9.18.jar;C:\Users\SõregiKrisztián\.m2\repository\org\apache\maven\resolver\maven-resolver-util\1.9.18\maven-resolver-util-1.9.18.jar;C:\Users\SõregiKrisztián\.m2\repository\org\apache\maven\resolver\maven-resolver-transport-http\1.9.18\maven-resolver-transport-http-1.9.18.jar;C:\Users\SõregiKrisztián\.m2\repository\org\apache\maven\wagon\wagon-provider-api\3.5.3\wagon-provider-api-3.5.3.jar;C:\Users\SõregiKrisztián\.m2\repository\org\apache\maven\wagon\wagon-http-shared\3.5.3\wagon-http-shared-3.5.3.jar;C:\Users\SõregiKrisztián\.m2\repository\org\codehaus\plexus\plexus-interpolation\1.27\plexus-interpolation-1.27.jar;C:\Users\SõregiKrisztián\.m2\repository\org\codehaus\plexus\plexus-utils\4.0.0\plexus-utils-4.0.0.jar;C:\Users\SõregiKrisztián\.m2\repository\org\codehaus\plexus\plexus-xml\4.0.0\plexus-xml-4.0.0.jar;C:\Users\SõregiKrisztián\.m2\repository\org\apache\maven\maven-xml-impl\4.0.0-alpha-5\maven-xml-impl-4.0.0-alpha-5.jar;C:\Users\SõregiKrisztián\.m2\repository\org\apache\maven\maven-api-xml\4.0.0-alpha-5\maven-api-xml-4.0.0-alpha-5.jar;C:\Users\SõregiKrisztián\.m2\repository\org\apache\maven\maven-api-meta\4.0.0-alpha-5\maven-api-meta-4.0.0-alpha-5.jar;C:\Users\SõregiKrisztián\.m2\repository\org\codehaus\plexus\plexus-cipher\2.1.0\plexus-cipher-2.1.0.jar;C:\Users\SõregiKrisztián\.m2\repository\org\codehaus\plexus\plexus-sec-dispatcher\2.0\plexus-sec-dispatcher-2.0.jar;C:\Users\SõregiKrisztián\.m2\repository\org\apache\maven\maven-embedder\3.9.6\maven-embedder-3.9.6.jar;C:\Users\SõregiKrisztián\.m2\repository\org\apache\maven\maven-core\3.9.6\maven-core-3.9.6.jar;C:\Users\SõregiKrisztián\.m2\repository\org\codehaus\plexus\plexus-component-annotations\2.1.0\plexus-component-annotations-2.1.0.jar;C:\Users\SõregiKrisztián\.m2\repository\org\apache\maven\maven-plugin-api\3.9.6\maven-plugin-api-3.9.6.jar;C:\Users\SõregiKrisztián\.m2\repository\org\apache\maven\shared\maven-shared-utils\3.3.4\maven-shared-utils-3.3.4.jar;C:\Users\SõregiKrisztián\.m2\repository\com\google\inject\guice\5.1.0\guice-5.1.0.jar;C:\Users\SõregiKrisztián\.m2\repository\aopalliance\aopalliance\1.0\aopalliance-1.0.jar;C:\Users\SõregiKrisztián\.m2\repository\javax\annotation\javax.annotation-api\1.3.2\javax.annotation-api-1.3.2.jar;C:\Users\SõregiKrisztián\.m2\repository\org\codehaus\plexus\plexus-classworlds\2.7.0\plexus-classworlds-2.7.0.jar;C:\Users\SõregiKrisztián\.m2\repository\commons-cli\commons-cli\1.5.0\commons-cli-1.5.0.jar;C:\Users\SõregiKrisztián\.m2\repository\org\eclipse\sisu\org.eclipse.sisu.plexus\0.9.0.M2\org.eclipse.sisu.plexus-0.9.0.M2.jar;C:\Users\SõregiKrisztián\.m2\repository\org\apache\maven\maven-settings-builder\3.9.6\maven-settings-builder-3.9.6.jar;C:\Users\SõregiKrisztián\.m2\repository\org\apache\maven\maven-resolver-provider\3.9.6\maven-resolver-provider-3.9.6.jar;C:\Users\SõregiKrisztián\.m2\repository\org\apache\maven\resolver\maven-resolver-connector-basic\1.9.18\maven-resolver-connector-basic-1.9.18.jar;C:\Users\SõregiKrisztián\.m2\repository\org\apache\maven\resolver\maven-resolver-transport-wagon\1.9.18\maven-resolver-transport-wagon-1.9.18.jar;C:\Users\SõregiKrisztián\.m2\repository\org\apache\maven\wagon\wagon-http\3.5.3\wagon-http-3.5.3.jar;C:\Users\SõregiKrisztián\.m2\repository\org\apache\maven\wagon\wagon-file\3.5.3\wagon-file-3.5.3.jar;C:\Users\SõregiKrisztián\.m2\repository\io\quarkus\quarkus-bootstrap-gradle-resolver\3.10.0\quarkus-bootstrap-gradle-resolver-3.10.0.jar;C:\Users\SõregiKrisztián\.m2\repository\io\smallrye\jandex\3.1.7\jandex-3.1.7.jar;C:\Users\SõregiKrisztián\.m2\repository\org\jboss\logging\commons-logging-jboss-logging\1.0.0.Final\commons-logging-jboss-logging-1.0.0.Final.jar;C:\Users\SõregiKrisztián\.m2\repository\io\quarkus\quarkus-junit5-properties\3.10.0\quarkus-junit5-properties-3.10.0.jar;C:\Users\SõregiKrisztián\.m2\repository\io\quarkus\quarkus-core\3.10.0\quarkus-core-3.10.0.jar;C:\Users\SõregiKrisztián\.m2\repository\jakarta\annotation\jakarta.annotation-api\2.1.1\jakarta.annotation-api-2.1.1.jar;C:\Users\SõregiKrisztián\.m2\repository\jakarta\enterprise\jakarta.enterprise.cdi-api\4.0.1\jakarta.enterprise.cdi-api-4.0.1.jar;C:\Users\SõregiKrisztián\.m2\repository\jakarta\enterprise\jakarta.enterprise.lang-model\4.0.1\jakarta.enterprise.lang-model-4.0.1.jar;C:\Users\SõregiKrisztián\.m2\repository\jakarta\el\jakarta.el-api\5.0.0\jakarta.el-api-5.0.0.jar;C:\Users\SõregiKrisztián\.m2\repository\jakarta\interceptor\jakarta.interceptor-api\2.1.0\jakarta.interceptor-api-2.1.0.jar;C:\Users\SõregiKrisztián\.m2\repository\jakarta\inject\jakarta.inject-api\2.0.1\jakarta.inject-api-2.0.1.jar;C:\Users\SõregiKrisztián\.m2\repository\io\smallrye\common\smallrye-common-os\2.3.0\smallrye-common-os-2.3.0.jar;C:\Users\SõregiKrisztián\.m2\repository\io\quarkus\quarkus-ide-launcher\3.10.0\quarkus-ide-launcher-3.10.0.jar;C:\Users\SõregiKrisztián\.m2\repository\io\quarkus\quarkus-development-mode-spi\3.10.0\quarkus-development-mode-spi-3.10.0.jar;C:\Users\SõregiKrisztián\.m2\repository\io\smallrye\config\smallrye-config\3.7.1\smallrye-config-3.7.1.jar;C:\Users\SõregiKrisztián\.m2\repository\io\smallrye\config\smallrye-config-core\3.7.1\smallrye-config-core-3.7.1.jar;C:\Users\SõregiKrisztián\.m2\repository\org\eclipse\microprofile\config\microprofile-config-api\3.1\microprofile-config-api-3.1.jar;C:\Users\SõregiKrisztián\.m2\repository\io\smallrye\common\smallrye-common-annotation\2.2.0\smallrye-common-annotation-2.2.0.jar;C:\Users\SõregiKrisztián\.m2\repository\io\smallrye\common\smallrye-common-classloader\2.2.0\smallrye-common-classloader-2.2.0.jar;C:\Users\SõregiKrisztián\.m2\repository\io\smallrye\config\smallrye-config-common\3.7.1\smallrye-config-common-3.7.1.jar;C:\Users\SõregiKrisztián\.m2\repository\org\jboss\logging\jboss-logging\3.5.3.Final\jboss-logging-3.5.3.Final.jar;C:\Users\SõregiKrisztián\.m2\repository\org\jboss\logmanager\jboss-logmanager\3.0.4.Final\jboss-logmanager-3.0.4.Final.jar;C:\Users\SõregiKrisztián\.m2\repository\io\smallrye\common\smallrye-common-constraint\2.2.0\smallrye-common-constraint-2.2.0.jar;C:\Users\SõregiKrisztián\.m2\repository\io\smallrye\common\smallrye-common-cpu\2.2.0\smallrye-common-cpu-2.2.0.jar;C:\Users\SõregiKrisztián\.m2\repository\io\smallrye\common\smallrye-common-expression\2.2.0\smallrye-common-expression-2.2.0.jar;C:\Users\SõregiKrisztián\.m2\repository\io\smallrye\common\smallrye-common-function\2.2.0\smallrye-common-function-2.2.0.jar;C:\Users\SõregiKrisztián\.m2\repository\io\smallrye\common\smallrye-common-net\2.2.0\smallrye-common-net-2.2.0.jar;C:\Users\SõregiKrisztián\.m2\repository\io\smallrye\common\smallrye-common-ref\2.2.0\smallrye-common-ref-2.2.0.jar;C:\Users\SõregiKrisztián\.m2\repository\jakarta\json\jakarta.json-api\2.1.3\jakarta.json-api-2.1.3.jar;C:\Users\SõregiKrisztián\.m2\repository\org\eclipse\parsson\parsson\1.1.5\parsson-1.1.5.jar;C:\Users\SõregiKrisztián\.m2\repository\org\jboss\logging\jboss-logging-annotations\2.2.1.Final\jboss-logging-annotations-2.2.1.Final.jar;C:\Users\SõregiKrisztián\.m2\repository\org\jboss\threads\jboss-threads\3.6.1.Final\jboss-threads-3.6.1.Final.jar;C:\Users\SõregiKrisztián\.m2\repository\org\jboss\slf4j\slf4j-jboss-logmanager\2.0.0.Final\slf4j-jboss-logmanager-2.0.0.Final.jar;C:\Users\SõregiKrisztián\.m2\repository\org\wildfly\common\wildfly-common\1.7.0.Final\wildfly-common-1.7.0.Final.jar;C:\Users\SõregiKrisztián\.m2\repository\io\quarkus\quarkus-bootstrap-runner\3.10.0\quarkus-bootstrap-runner-3.10.0.jar;C:\Users\SõregiKrisztián\.m2\repository\io\github\crac\org-crac\0.1.3\org-crac-0.1.3.jar;C:\Users\SõregiKrisztián\.m2\repository\io\quarkus\quarkus-fs-util\0.0.10\quarkus-fs-util-0.0.10.jar;C:\Users\SõregiKrisztián\.m2\repository\com\thoughtworks\xstream\xstream\1.4.20\xstream-1.4.20.jar;C:\Users\SõregiKrisztián\.m2\repository\io\github\x-stream\mxparser\1.2.2\mxparser-1.2.2.jar;C:\Users\SõregiKrisztián\.m2\repository\xmlpull\xmlpull\1.1.3.1\xmlpull-1.1.3.1.jar;C:\Users\SõregiKrisztián\.m2\repository\org\junit\jupiter\junit-jupiter\5.9.3\junit-jupiter-5.9.3.jar;C:\Users\SõregiKrisztián\.m2\repository\org\seleniumhq\selenium\selenium-java\4.17.0\selenium-java-4.17.0.jar;C:\Users\SõregiKrisztián\.m2\repository\org\seleniumhq\selenium\selenium-chrome-driver\4.17.0\selenium-chrome-driver-4.17.0.jar;C:\Users\SõregiKrisztián\.m2\repository\org\seleniumhq\selenium\selenium-devtools-v119\4.17.0\selenium-devtools-v119-4.17.0.jar;C:\Users\SõregiKrisztián\.m2\repository\org\seleniumhq\selenium\selenium-devtools-v120\4.17.0\selenium-devtools-v120-4.17.0.jar;C:\Users\SõregiKrisztián\.m2\repository\org\seleniumhq\selenium\selenium-devtools-v121\4.17.0\selenium-devtools-v121-4.17.0.jar;C:\Users\SõregiKrisztián\.m2\repository\org\seleniumhq\selenium\selenium-edge-driver\4.17.0\selenium-edge-driver-4.17.0.jar;C:\Users\SõregiKrisztián\.m2\repository\org\seleniumhq\selenium\selenium-firefox-driver\4.17.0\selenium-firefox-driver-4.17.0.jar;C:\Users\SõregiKrisztián\.m2\repository\org\seleniumhq\selenium\selenium-ie-driver\4.17.0\selenium-ie-driver-4.17.0.jar;C:\Users\SõregiKrisztián\.m2\repository\org\seleniumhq\selenium\selenium-safari-driver\4.17.0\selenium-safari-driver-4.17.0.jar;C:\Users\SõregiKrisztián\.m2\repository\org\seleniumhq\selenium\selenium-support\4.17.0\selenium-support-4.17.0.jar;C:\Users\SõregiKrisztián\.m2\repository\io\github\bonigarcia\webdrivermanager\5.5.3\webdrivermanager-5.5.3.jar;C:\Users\SõregiKrisztián\.m2\repository\org\slf4j\slf4j-api\2.0.7\slf4j-api-2.0.7.jar;C:\Users\SõregiKrisztián\.m2\repository\com\google\code\gson\gson\2.10.1\gson-2.10.1.jar;C:\Users\SõregiKrisztián\.m2\repository\com\github\docker-java\docker-java\3.3.3\docker-java-3.3.3.jar;C:\Users\SõregiKrisztián\.m2\repository\com\github\docker-java\docker-java-core\3.3.3\docker-java-core-3.3.3.jar;C:\Users\SõregiKrisztián\.m2\repository\com\github\docker-java\docker-java-api\3.3.3\docker-java-api-3.3.3.jar;C:\Users\SõregiKrisztián\.m2\repository\org\apache\commons\commons-compress\1.21\commons-compress-1.21.jar;C:\Users\SõregiKrisztián\.m2\repository\org\bouncycastle\bcpkix-jdk18on\1.75\bcpkix-jdk18on-1.75.jar;C:\Users\SõregiKrisztián\.m2\repository\org\bouncycastle\bcprov-jdk18on\1.75\bcprov-jdk18on-1.75.jar;C:\Users\SõregiKrisztián\.m2\repository\org\bouncycastle\bcutil-jdk18on\1.75\bcutil-jdk18on-1.75.jar;C:\Users\SõregiKrisztián\.m2\repository\org\slf4j\jcl-over-slf4j\1.7.30\jcl-over-slf4j-1.7.30.jar;C:\Users\SõregiKrisztián\.m2\repository\com\github\docker-java\docker-java-transport-httpclient5\3.3.3\docker-java-transport-httpclient5-3.3.3.jar;C:\Users\SõregiKrisztián\.m2\repository\com\github\docker-java\docker-java-transport\3.3.3\docker-java-transport-3.3.3.jar;C:\Users\SõregiKrisztián\.m2\repository\net\java\dev\jna\jna\5.12.1\jna-5.12.1.jar;C:\Users\SõregiKrisztián\.m2\repository\org\brotli\dec\0.1.2\dec-0.1.2.jar;C:\Users\SõregiKrisztián\.m2\repository\org\apache\commons\commons-lang3\3.13.0\commons-lang3-3.13.0.jar;C:\Users\SõregiKrisztián\.m2\repository\org\apache\httpcomponents\client5\httpclient5\5.2.1\httpclient5-5.2.1.jar;C:\Users\SõregiKrisztián\.m2\repository\org\apache\httpcomponents\core5\httpcore5\5.2\httpcore5-5.2.jar;C:\Users\SõregiKrisztián\.m2\repository\org\apache\httpcomponents\core5\httpcore5-h2\5.2\httpcore5-h2-5.2.jar;C:\Users\SõregiKrisztián\.m2\repository\org\seleniumhq\selenium\selenium-devtools-v85\4.17.0\selenium-devtools-v85-4.17.0.jar;C:\Users\SõregiKrisztián\.m2\repository\com\google\auto\service\auto-service-annotations\1.1.1\auto-service-annotations-1.1.1.jar;C:\Users\SõregiKrisztián\.m2\repository\org\seleniumhq\selenium\selenium-json\4.17.0\selenium-json-4.17.0.jar;C:\Users\SõregiKrisztián\.m2\repository\org\seleniumhq\selenium\selenium-chromium-driver\4.17.0\selenium-chromium-driver-4.17.0.jar;C:\Users\SõregiKrisztián\.m2\repository\org\seleniumhq\selenium\selenium-remote-driver\4.17.0\selenium-remote-driver-4.17.0.jar;C:\Users\SõregiKrisztián\.m2\repository\io\opentelemetry\semconv\opentelemetry-semconv\1.23.1-alpha\opentelemetry-semconv-1.23.1-alpha.jar;C:\Users\SõregiKrisztián\.m2\repository\io\opentelemetry\opentelemetry-api\1.34.1\opentelemetry-api-1.34.1.jar;C:\Users\SõregiKrisztián\.m2\repository\io\opentelemetry\opentelemetry-context\1.34.1\opentelemetry-context-1.34.1.jar;C:\Users\SõregiKrisztián\.m2\repository\io\opentelemetry\opentelemetry-exporter-logging\1.34.1\opentelemetry-exporter-logging-1.34.1.jar;C:\Users\SõregiKrisztián\.m2\repository\io\opentelemetry\opentelemetry-sdk-common\1.34.1\opentelemetry-sdk-common-1.34.1.jar;C:\Users\SõregiKrisztián\.m2\repository\io\opentelemetry\opentelemetry-sdk-extension-autoconfigure-spi\1.34.1\opentelemetry-sdk-extension-autoconfigure-spi-1.34.1.jar;C:\Users\SõregiKrisztián\.m2\repository\io\opentelemetry\opentelemetry-sdk-extension-autoconfigure\1.34.1\opentelemetry-sdk-extension-autoconfigure-1.34.1.jar;C:\Users\SõregiKrisztián\.m2\repository\io\opentelemetry\opentelemetry-api-events\1.34.1-alpha\opentelemetry-api-events-1.34.1-alpha.jar;C:\Users\SõregiKrisztián\.m2\repository\io\opentelemetry\opentelemetry-sdk-trace\1.34.1\opentelemetry-sdk-trace-1.34.1.jar;C:\Users\SõregiKrisztián\.m2\repository\io\opentelemetry\opentelemetry-sdk\1.34.1\opentelemetry-sdk-1.34.1.jar;C:\Users\SõregiKrisztián\.m2\repository\io\opentelemetry\opentelemetry-sdk-metrics\1.34.1\opentelemetry-sdk-metrics-1.34.1.jar;C:\Users\SõregiKrisztián\.m2\repository\io\opentelemetry\opentelemetry-extension-incubator\1.34.1-alpha\opentelemetry-extension-incubator-1.34.1-alpha.jar;C:\Users\SõregiKrisztián\.m2\repository\io\opentelemetry\opentelemetry-sdk-logs\1.34.1\opentelemetry-sdk-logs-1.34.1.jar;C:\Users\SõregiKrisztián\.m2\repository\net\bytebuddy\byte-buddy\1.14.11\byte-buddy-1.14.11.jar;C:\Users\SõregiKrisztián\.m2\repository\org\seleniumhq\selenium\selenium-http\4.17.0\selenium-http-4.17.0.jar;C:\Users\SõregiKrisztián\.m2\repository\dev\failsafe\failsafe\3.3.2\failsafe-3.3.2.jar;C:\Users\SõregiKrisztián\.m2\repository\org\seleniumhq\selenium\selenium-manager\4.17.0\selenium-manager-4.17.0.jar;C:\Users\SõregiKrisztián\.m2\repository\org\seleniumhq\selenium\selenium-os\4.17.0\selenium-os-4.17.0.jar;C:\Users\SõregiKrisztián\.m2\repository\org\apache\commons\commons-exec\1.3\commons-exec-1.3.jar;C:\Users\SõregiKrisztián\.m2\repository\org\seleniumhq\selenium\selenium-api\4.17.0\selenium-api-4.17.0.jar;C:\Users\SõregiKrisztián\.m2\repository\org\testng\testng\7.7.0\testng-7.7.0.jar;C:\Users\SõregiKrisztián\.m2\repository\com\beust\jcommander\1.82\jcommander-1.82.jar;C:\Users\SõregiKrisztián\.m2\repository\org\webjars\jquery\3.6.1\jquery-3.6.1.jar;C:\Users\SõregiKrisztián\.m2\repository\com\assertthat\selenium-shutterbug\1.6\selenium-shutterbug-1.6.jar;C:\Users\SõregiKrisztián\.m2\repository\commons-io\commons-io\2.7\commons-io-2.7.jar;C:\Users\SõregiKrisztián\.m2\repository\com\github\zafarkhaja\java-semver\0.9.0\java-semver-0.9.0.jar
Launcher Type: SUN_STANDARD

[Global flags]
     intx CICompilerCount                          = 12                                        {product} {ergonomic}
     uint ConcGCThreads                            = 4                                         {product} {ergonomic}
     uint G1ConcRefinementThreads                  = 15                                        {product} {ergonomic}
   size_t G1HeapRegionSize                         = 2097152                                   {product} {ergonomic}
   size_t InitialHeapSize                          = 266338304                                 {product} {ergonomic}
   size_t MarkStackSize                            = 4194304                                   {product} {ergonomic}
   size_t MaxHeapSize                              = 4234149888                                {product} {ergonomic}
   size_t MinHeapDeltaBytes                        = 2097152                                   {product} {ergonomic}
   size_t MinHeapSize                              = 8388608                                   {product} {ergonomic}
    uintx NonNMethodCodeHeapSize                   = 7602480                                {pd product} {ergonomic}
    uintx NonProfiledCodeHeapSize                  = 122027880                              {pd product} {ergonomic}
    uintx ProfiledCodeHeapSize                     = 122027880                              {pd product} {ergonomic}
    uintx ReservedCodeCacheSize                    = 251658240                              {pd product} {ergonomic}
     bool SegmentedCodeCache                       = true                                      {product} {ergonomic}
   size_t SoftMaxHeapSize                          = 4234149888                             {manageable} {ergonomic}
     bool UseCompressedOops                        = true                           {product lp64_product} {ergonomic}
     bool UseG1GC                                  = true                                      {product} {ergonomic}
     bool UseLargePagesIndividualAllocation        = false                                  {pd product} {ergonomic}

Logging:
Log output configuration:
 #0: stdout all=warning uptime,level,tags foldmultilines=false
 #1: stderr all=off uptime,level,tags foldmultilines=false

Environment Variables:
PATH=C:\Program Files (x86)\Common Files\Oracle\Java\javapath;C:\app\client\localadmin\product\12.1.0\client_1\bin;C:\app\localadmin\product\11.2.0\client_1\bin;C:\app\client\user1\product\12.1.0\client_1\bin;C:\ProgramData\Oracle\Java\javapath;C:\Windows\System32;C:\Windows;C:\Windows\System32\wbem;C:\Windows\System32\WindowsPowerShell\v1.0\;C:\Program Files (x86)\Microsoft SQL Server\Client SDK\ODBC\130\Tools\Binn\;C:\Program Files (x86)\Microsoft SQL Server\130\Tools\Binn\;C:\Program Files (x86)\Microsoft SQL Server\130\DTS\Binn\;C:\Program Files (x86)\Microsoft SQL Server\130\Tools\Binn\ManagementStudio\;C:\Program Files\TortoiseSVN\bin;C:\Windows\System32\OpenSSH\;C:\WINDOWS\system32;C:\WINDOWS;C:\WINDOWS\System32\Wbem;C:\WINDOWS\System32\WindowsPowerShell\v1.0\;C:\WINDOWS\System32\OpenSSH\;C:\Users\SõregiKrisztián\AppData\Local\Microsoft\WindowsApps;;C:\Users\SõregiKrisztián\AppData\Local\JetBrains\IntelliJ IDEA 2023.3.6\bin;;C:\Users\SõregiKrisztián\AppData\Local\JetBrains\IntelliJ IDEA Community Edition 2023.3.6\bin;
USERNAME=SõregiKrisztián
OS=Windows_NT
PROCESSOR_IDENTIFIER=Intel64 Family 6 Model 151 Stepping 2, GenuineIntel
TMP=C:\Users\SREGIK~1\AppData\Local\Temp
TEMP=C:\Users\SREGIK~1\AppData\Local\Temp




Periodic native trim disabled

---------------  S Y S T E M  ---------------

OS:
 Windows 10 , 64 bit Build 19041 (10.0.19041.3636)
OS uptime: 121 days 7:07 hours

CPU: total 20 (initial active 20) (10 cores per cpu, 2 threads per core) family 6 model 151 stepping 2 microcode 0x2e, cx8, cmov, fxsr, ht, mmx, 3dnowpref, sse, sse2, sse3, ssse3, sse4.1, sse4.2, popcnt, lzcnt, tsc, tscinvbit, avx, avx2, aes, erms, clmul, bmi1, bmi2, adx, sha, fma, vzeroupper, clflush, clflushopt, clwb, serialize, rdtscp, rdpid, fsrm, f16c, pku, cet_ibt, cet_ss
Processor Information for all 20 processors :
  Max Mhz: 2100, Current Mhz: 2100, Mhz Limit: 2100

Memory: 4k page, system-wide physical 16151M (2552M free)
TotalPageFile size 45557M (AvailPageFile size 107M)
current process WorkingSet (physical memory assigned to process): 12M, peak: 12M
current process commit charge ("private bytes"): 75M, peak: 329M

vm_info: OpenJDK 64-Bit Server VM (22+36-2370) for windows-amd64 JRE (22+36-2370), built on 2024-02-15T22:15:19Z by "mach5one" with MS VC++ 17.6 (VS2022)

END.
